[2023-08-14 10:55:47.490] [info] Loaded model generic_sprinter from file Nord_Model.osim
[2023-08-14 10:55:47.492] [warning] Couldn't find file 'r_pelvis_raja.vtp'.
[2023-08-14 10:55:47.492] [warning] Couldn't find file 'l_pelvis_raja.vtp'.
[2023-08-14 10:55:47.492] [warning] Couldn't find file 'sacrum.vtp'.
[2023-08-14 10:55:47.492] [warning] Couldn't find file 'r_femur.vtp'.
[2023-08-14 10:55:47.492] [warning] Couldn't find file 'r_tibia.vtp'.
[2023-08-14 10:55:47.492] [warning] Couldn't find file 'r_fibula.vtp'.
[2023-08-14 10:55:47.492] [warning] Couldn't find file 'r_patella.vtp'.
[2023-08-14 10:55:47.493] [warning] Couldn't find file 'r_talus.vtp'.
[2023-08-14 10:55:47.493] [warning] Couldn't find file 'r_foot.vtp'.
[2023-08-14 10:55:47.493] [warning] Couldn't find file 'r_bofoot.vtp'.
[2023-08-14 10:55:47.493] [warning] Couldn't find file 'l_femur.vtp'.
[2023-08-14 10:55:47.493] [warning] Couldn't find file 'l_tibia.vtp'.
[2023-08-14 10:55:47.493] [warning] Couldn't find file 'l_fibula.vtp'.
[2023-08-14 10:55:47.493] [warning] Couldn't find file 'l_pat.vtp'.
[2023-08-14 10:55:47.494] [warning] Couldn't find file 'l_talus.vtp'.
[2023-08-14 10:55:47.494] [warning] Couldn't find file 'l_foot.vtp'.
[2023-08-14 10:55:47.494] [warning] Couldn't find file 'l_bofoot.vtp'.
[2023-08-14 10:55:47.494] [warning] Couldn't find file 'hat_spine.vtp'.
[2023-08-14 10:55:47.494] [warning] Couldn't find file 'hat_jaw.vtp'.
[2023-08-14 10:55:47.494] [warning] Couldn't find file 'hat_skull.vtp'.
[2023-08-14 10:55:47.494] [warning] Couldn't find file 'hat_ribs_scap.vtp'.
[2023-08-14 10:55:47.494] [warning] Couldn't find file 'humerus_rv.vtp'.
[2023-08-14 10:55:47.494] [warning] Couldn't find file 'ulna_rv.vtp'.
[2023-08-14 10:55:47.494] [warning] Couldn't find file 'radius_rv.vtp'.
[2023-08-14 10:55:47.495] [warning] Couldn't find file 'pisiform_rvs.vtp'.
[2023-08-14 10:55:47.495] [warning] Couldn't find file 'lunate_rvs.vtp'.
[2023-08-14 10:55:47.495] [warning] Couldn't find file 'scaphoid_rvs.vtp'.
[2023-08-14 10:55:47.495] [warning] Couldn't find file 'triquetrum_rvs.vtp'.
[2023-08-14 10:55:47.495] [warning] Couldn't find file 'hamate_rvs.vtp'.
[2023-08-14 10:55:47.495] [warning] Couldn't find file 'capitate_rvs.vtp'.
[2023-08-14 10:55:47.495] [warning] Couldn't find file 'trapezoid_rvs.vtp'.
[2023-08-14 10:55:47.495] [warning] Couldn't find file 'trapezium_rvs.vtp'.
[2023-08-14 10:55:47.495] [warning] Couldn't find file 'metacarpal2_rvs.vtp'.
[2023-08-14 10:55:47.496] [warning] Couldn't find file 'index_proximal_rvs.vtp'.
[2023-08-14 10:55:47.496] [warning] Couldn't find file 'index_medial_rvs.vtp'.
[2023-08-14 10:55:47.496] [warning] Couldn't find file 'index_distal_rvs.vtp'.
[2023-08-14 10:55:47.496] [warning] Couldn't find file 'metacarpal3_rvs.vtp'.
[2023-08-14 10:55:47.496] [warning] Couldn't find file 'middle_proximal_rvs.vtp'.
[2023-08-14 10:55:47.496] [warning] Couldn't find file 'middle_medial_rvs.vtp'.
[2023-08-14 10:55:47.496] [warning] Couldn't find file 'middle_distal_rvs.vtp'.
[2023-08-14 10:55:47.497] [warning] Couldn't find file 'metacarpal4_rvs.vtp'.
[2023-08-14 10:55:47.497] [warning] Couldn't find file 'ring_proximal_rvs.vtp'.
[2023-08-14 10:55:47.497] [warning] Couldn't find file 'ring_medial_rvs.vtp'.
[2023-08-14 10:55:47.497] [warning] Couldn't find file 'ring_distal_rvs.vtp'.
[2023-08-14 10:55:47.497] [warning] Couldn't find file 'metacarpal5_rvs.vtp'.
[2023-08-14 10:55:47.497] [warning] Couldn't find file 'little_proximal_rvs.vtp'.
[2023-08-14 10:55:47.497] [warning] Couldn't find file 'little_medial_rvs.vtp'.
[2023-08-14 10:55:47.497] [warning] Couldn't find file 'little_distal_rvs.vtp'.
[2023-08-14 10:55:47.497] [warning] Couldn't find file 'metacarpal1_rvs.vtp'.
[2023-08-14 10:55:47.497] [warning] Couldn't find file 'thumb_proximal_rvs.vtp'.
[2023-08-14 10:55:47.498] [warning] Couldn't find file 'thumb_distal_rvs.vtp'.
[2023-08-14 10:55:47.498] [warning] Couldn't find file 'humerus_lv.vtp'.
[2023-08-14 10:55:47.498] [warning] Couldn't find file 'ulna_lv.vtp'.
[2023-08-14 10:55:47.498] [warning] Couldn't find file 'radius_lv.vtp'.
[2023-08-14 10:55:47.498] [warning] Couldn't find file 'pisiform_lvs.vtp'.
[2023-08-14 10:55:47.498] [warning] Couldn't find file 'lunate_lvs.vtp'.
[2023-08-14 10:55:47.498] [warning] Couldn't find file 'scaphoid_lvs.vtp'.
[2023-08-14 10:55:47.498] [warning] Couldn't find file 'triquetrum_lvs.vtp'.
[2023-08-14 10:55:47.498] [warning] Couldn't find file 'hamate_lvs.vtp'.
[2023-08-14 10:55:47.499] [warning] Couldn't find file 'capitate_lvs.vtp'.
[2023-08-14 10:55:47.499] [warning] Couldn't find file 'trapezoid_lvs.vtp'.
[2023-08-14 10:55:47.499] [warning] Couldn't find file 'trapezium_lvs.vtp'.
[2023-08-14 10:55:47.499] [warning] Couldn't find file 'metacarpal2_lvs.vtp'.
[2023-08-14 10:55:47.499] [warning] Couldn't find file 'index_proximal_lvs.vtp'.
[2023-08-14 10:55:47.499] [warning] Couldn't find file 'index_medial_lvs.vtp'.
[2023-08-14 10:55:47.499] [warning] Couldn't find file 'index_distal_lvs.vtp'.
[2023-08-14 10:55:47.499] [warning] Couldn't find file 'metacarpal3_lvs.vtp'.
[2023-08-14 10:55:47.499] [warning] Couldn't find file 'middle_proximal_lvs.vtp'.
[2023-08-14 10:55:47.500] [warning] Couldn't find file 'middle_medial_lvs.vtp'.
[2023-08-14 10:55:47.500] [warning] Couldn't find file 'middle_distal_lvs.vtp'.
[2023-08-14 10:55:47.500] [warning] Couldn't find file 'metacarpal4_lvs.vtp'.
[2023-08-14 10:55:47.500] [warning] Couldn't find file 'ring_proximal_lvs.vtp'.
[2023-08-14 10:55:47.500] [warning] Couldn't find file 'ring_medial_lvs.vtp'.
[2023-08-14 10:55:47.500] [warning] Couldn't find file 'ring_distal_lvs.vtp'.
[2023-08-14 10:55:47.500] [warning] Couldn't find file 'metacarpal5_lvs.vtp'.
[2023-08-14 10:55:47.500] [warning] Couldn't find file 'little_proximal_lvs.vtp'.
[2023-08-14 10:55:47.500] [warning] Couldn't find file 'little_medial_lvs.vtp'.
[2023-08-14 10:55:47.500] [warning] Couldn't find file 'little_distal_lvs.vtp'.
[2023-08-14 10:55:47.500] [warning] Couldn't find file 'metacarpal1_lvs.vtp'.
[2023-08-14 10:55:47.501] [warning] Couldn't find file 'thumb_proximal_lvs.vtp'.
[2023-08-14 10:55:47.501] [warning] Couldn't find file 'thumb_distal_lvs.vtp'.
[2023-08-14 10:59:29.817] [info] Loaded model generic_sprinter from file Nord_Model.osim
[2023-08-14 10:59:29.818] [warning] Couldn't find file 'r_pelvis_raja.vtp'.
[2023-08-14 10:59:29.818] [warning] Couldn't find file 'l_pelvis_raja.vtp'.
[2023-08-14 10:59:29.818] [warning] Couldn't find file 'sacrum.vtp'.
[2023-08-14 10:59:29.819] [warning] Couldn't find file 'r_femur.vtp'.
[2023-08-14 10:59:29.819] [warning] Couldn't find file 'r_tibia.vtp'.
[2023-08-14 10:59:29.819] [warning] Couldn't find file 'r_fibula.vtp'.
[2023-08-14 10:59:29.819] [warning] Couldn't find file 'r_patella.vtp'.
[2023-08-14 10:59:29.819] [warning] Couldn't find file 'r_talus.vtp'.
[2023-08-14 10:59:29.819] [warning] Couldn't find file 'r_foot.vtp'.
[2023-08-14 10:59:29.820] [warning] Couldn't find file 'r_bofoot.vtp'.
[2023-08-14 10:59:29.820] [warning] Couldn't find file 'l_femur.vtp'.
[2023-08-14 10:59:29.820] [warning] Couldn't find file 'l_tibia.vtp'.
[2023-08-14 10:59:29.820] [warning] Couldn't find file 'l_fibula.vtp'.
[2023-08-14 10:59:29.820] [warning] Couldn't find file 'l_pat.vtp'.
[2023-08-14 10:59:29.820] [warning] Couldn't find file 'l_talus.vtp'.
[2023-08-14 10:59:29.820] [warning] Couldn't find file 'l_foot.vtp'.
[2023-08-14 10:59:29.820] [warning] Couldn't find file 'l_bofoot.vtp'.
[2023-08-14 10:59:29.821] [warning] Couldn't find file 'hat_spine.vtp'.
[2023-08-14 10:59:29.821] [warning] Couldn't find file 'hat_jaw.vtp'.
[2023-08-14 10:59:29.821] [warning] Couldn't find file 'hat_skull.vtp'.
[2023-08-14 10:59:29.821] [warning] Couldn't find file 'hat_ribs_scap.vtp'.
[2023-08-14 10:59:29.821] [warning] Couldn't find file 'humerus_rv.vtp'.
[2023-08-14 10:59:29.821] [warning] Couldn't find file 'ulna_rv.vtp'.
[2023-08-14 10:59:29.821] [warning] Couldn't find file 'radius_rv.vtp'.
[2023-08-14 10:59:29.821] [warning] Couldn't find file 'pisiform_rvs.vtp'.
[2023-08-14 10:59:29.822] [warning] Couldn't find file 'lunate_rvs.vtp'.
[2023-08-14 10:59:29.822] [warning] Couldn't find file 'scaphoid_rvs.vtp'.
[2023-08-14 10:59:29.822] [warning] Couldn't find file 'triquetrum_rvs.vtp'.
[2023-08-14 10:59:29.822] [warning] Couldn't find file 'hamate_rvs.vtp'.
[2023-08-14 10:59:29.822] [warning] Couldn't find file 'capitate_rvs.vtp'.
[2023-08-14 10:59:29.822] [warning] Couldn't find file 'trapezoid_rvs.vtp'.
[2023-08-14 10:59:29.822] [warning] Couldn't find file 'trapezium_rvs.vtp'.
[2023-08-14 10:59:29.822] [warning] Couldn't find file 'metacarpal2_rvs.vtp'.
[2023-08-14 10:59:29.822] [warning] Couldn't find file 'index_proximal_rvs.vtp'.
[2023-08-14 10:59:29.823] [warning] Couldn't find file 'index_medial_rvs.vtp'.
[2023-08-14 10:59:29.823] [warning] Couldn't find file 'index_distal_rvs.vtp'.
[2023-08-14 10:59:29.823] [warning] Couldn't find file 'metacarpal3_rvs.vtp'.
[2023-08-14 10:59:29.823] [warning] Couldn't find file 'middle_proximal_rvs.vtp'.
[2023-08-14 10:59:29.823] [warning] Couldn't find file 'middle_medial_rvs.vtp'.
[2023-08-14 10:59:29.823] [warning] Couldn't find file 'middle_distal_rvs.vtp'.
[2023-08-14 10:59:29.823] [warning] Couldn't find file 'metacarpal4_rvs.vtp'.
[2023-08-14 10:59:29.823] [warning] Couldn't find file 'ring_proximal_rvs.vtp'.
[2023-08-14 10:59:29.823] [warning] Couldn't find file 'ring_medial_rvs.vtp'.
[2023-08-14 10:59:29.824] [warning] Couldn't find file 'ring_distal_rvs.vtp'.
[2023-08-14 10:59:29.824] [warning] Couldn't find file 'metacarpal5_rvs.vtp'.
[2023-08-14 10:59:29.824] [warning] Couldn't find file 'little_proximal_rvs.vtp'.
[2023-08-14 10:59:29.824] [warning] Couldn't find file 'little_medial_rvs.vtp'.
[2023-08-14 10:59:29.824] [warning] Couldn't find file 'little_distal_rvs.vtp'.
[2023-08-14 10:59:29.824] [warning] Couldn't find file 'metacarpal1_rvs.vtp'.
[2023-08-14 10:59:29.824] [warning] Couldn't find file 'thumb_proximal_rvs.vtp'.
[2023-08-14 10:59:29.825] [warning] Couldn't find file 'thumb_distal_rvs.vtp'.
[2023-08-14 10:59:29.825] [warning] Couldn't find file 'humerus_lv.vtp'.
[2023-08-14 10:59:29.825] [warning] Couldn't find file 'ulna_lv.vtp'.
[2023-08-14 10:59:29.825] [warning] Couldn't find file 'radius_lv.vtp'.
[2023-08-14 10:59:29.825] [warning] Couldn't find file 'pisiform_lvs.vtp'.
[2023-08-14 10:59:29.826] [warning] Couldn't find file 'lunate_lvs.vtp'.
[2023-08-14 10:59:29.826] [warning] Couldn't find file 'scaphoid_lvs.vtp'.
[2023-08-14 10:59:29.826] [warning] Couldn't find file 'triquetrum_lvs.vtp'.
[2023-08-14 10:59:29.826] [warning] Couldn't find file 'hamate_lvs.vtp'.
[2023-08-14 10:59:29.826] [warning] Couldn't find file 'capitate_lvs.vtp'.
[2023-08-14 10:59:29.826] [warning] Couldn't find file 'trapezoid_lvs.vtp'.
[2023-08-14 10:59:29.826] [warning] Couldn't find file 'trapezium_lvs.vtp'.
[2023-08-14 10:59:29.827] [warning] Couldn't find file 'metacarpal2_lvs.vtp'.
[2023-08-14 10:59:29.827] [warning] Couldn't find file 'index_proximal_lvs.vtp'.
[2023-08-14 10:59:29.827] [warning] Couldn't find file 'index_medial_lvs.vtp'.
[2023-08-14 10:59:29.827] [warning] Couldn't find file 'index_distal_lvs.vtp'.
[2023-08-14 10:59:29.827] [warning] Couldn't find file 'metacarpal3_lvs.vtp'.
[2023-08-14 10:59:29.827] [warning] Couldn't find file 'middle_proximal_lvs.vtp'.
[2023-08-14 10:59:29.827] [warning] Couldn't find file 'middle_medial_lvs.vtp'.
[2023-08-14 10:59:29.827] [warning] Couldn't find file 'middle_distal_lvs.vtp'.
[2023-08-14 10:59:29.828] [warning] Couldn't find file 'metacarpal4_lvs.vtp'.
[2023-08-14 10:59:29.828] [warning] Couldn't find file 'ring_proximal_lvs.vtp'.
[2023-08-14 10:59:29.828] [warning] Couldn't find file 'ring_medial_lvs.vtp'.
[2023-08-14 10:59:29.828] [warning] Couldn't find file 'ring_distal_lvs.vtp'.
[2023-08-14 10:59:29.828] [warning] Couldn't find file 'metacarpal5_lvs.vtp'.
[2023-08-14 10:59:29.828] [warning] Couldn't find file 'little_proximal_lvs.vtp'.
[2023-08-14 10:59:29.828] [warning] Couldn't find file 'little_medial_lvs.vtp'.
[2023-08-14 10:59:29.828] [warning] Couldn't find file 'little_distal_lvs.vtp'.
[2023-08-14 10:59:29.829] [warning] Couldn't find file 'metacarpal1_lvs.vtp'.
[2023-08-14 10:59:29.829] [warning] Couldn't find file 'thumb_proximal_lvs.vtp'.
[2023-08-14 10:59:29.829] [warning] Couldn't find file 'thumb_distal_lvs.vtp'.
[2023-08-14 13:44:06.828] [info] Loaded model optimized_scale_and_markers from file final.osim
[2023-08-14 13:44:06.829] [warning] Couldn't find file 'r_pelvis_raja.vtp'.
[2023-08-14 13:44:06.829] [warning] Couldn't find file 'l_pelvis_raja.vtp'.
[2023-08-14 13:44:06.829] [warning] Couldn't find file 'sacrum.vtp'.
[2023-08-14 13:44:06.829] [warning] Couldn't find file 'r_femur.vtp'.
[2023-08-14 13:44:06.829] [warning] Couldn't find file 'r_tibia.vtp'.
[2023-08-14 13:44:06.829] [warning] Couldn't find file 'r_fibula.vtp'.
[2023-08-14 13:44:06.829] [warning] Couldn't find file 'r_patella.vtp'.
[2023-08-14 13:44:06.829] [warning] Couldn't find file 'r_talus.vtp'.
[2023-08-14 13:44:06.829] [warning] Couldn't find file 'r_foot.vtp'.
[2023-08-14 13:44:06.830] [warning] Couldn't find file 'r_bofoot.vtp'.
[2023-08-14 13:44:06.830] [warning] Couldn't find file 'l_femur.vtp'.
[2023-08-14 13:44:06.830] [warning] Couldn't find file 'l_tibia.vtp'.
[2023-08-14 13:44:06.830] [warning] Couldn't find file 'l_fibula.vtp'.
[2023-08-14 13:44:06.830] [warning] Couldn't find file 'l_pat.vtp'.
[2023-08-14 13:44:06.830] [warning] Couldn't find file 'l_talus.vtp'.
[2023-08-14 13:44:06.830] [warning] Couldn't find file 'l_foot.vtp'.
[2023-08-14 13:44:06.830] [warning] Couldn't find file 'l_bofoot.vtp'.
[2023-08-14 13:44:06.830] [warning] Couldn't find file 'hat_spine.vtp'.
[2023-08-14 13:44:06.830] [warning] Couldn't find file 'hat_jaw.vtp'.
[2023-08-14 13:44:06.831] [warning] Couldn't find file 'hat_skull.vtp'.
[2023-08-14 13:44:06.831] [warning] Couldn't find file 'hat_ribs_scap.vtp'.
[2023-08-14 13:44:06.831] [warning] Couldn't find file 'humerus_rv.vtp'.
[2023-08-14 13:44:06.831] [warning] Couldn't find file 'ulna_rv.vtp'.
[2023-08-14 13:44:06.831] [warning] Couldn't find file 'radius_rv.vtp'.
[2023-08-14 13:44:06.831] [warning] Couldn't find file 'pisiform_rvs.vtp'.
[2023-08-14 13:44:06.831] [warning] Couldn't find file 'lunate_rvs.vtp'.
[2023-08-14 13:44:06.831] [warning] Couldn't find file 'scaphoid_rvs.vtp'.
[2023-08-14 13:44:06.831] [warning] Couldn't find file 'triquetrum_rvs.vtp'.
[2023-08-14 13:44:06.831] [warning] Couldn't find file 'hamate_rvs.vtp'.
[2023-08-14 13:44:06.832] [warning] Couldn't find file 'capitate_rvs.vtp'.
[2023-08-14 13:44:06.832] [warning] Couldn't find file 'trapezoid_rvs.vtp'.
[2023-08-14 13:44:06.832] [warning] Couldn't find file 'trapezium_rvs.vtp'.
[2023-08-14 13:44:06.832] [warning] Couldn't find file 'metacarpal2_rvs.vtp'.
[2023-08-14 13:44:06.832] [warning] Couldn't find file 'index_proximal_rvs.vtp'.
[2023-08-14 13:44:06.832] [warning] Couldn't find file 'index_medial_rvs.vtp'.
[2023-08-14 13:44:06.832] [warning] Couldn't find file 'index_distal_rvs.vtp'.
[2023-08-14 13:44:06.832] [warning] Couldn't find file 'metacarpal3_rvs.vtp'.
[2023-08-14 13:44:06.832] [warning] Couldn't find file 'middle_proximal_rvs.vtp'.
[2023-08-14 13:44:06.832] [warning] Couldn't find file 'middle_medial_rvs.vtp'.
[2023-08-14 13:44:06.832] [warning] Couldn't find file 'middle_distal_rvs.vtp'.
[2023-08-14 13:44:06.833] [warning] Couldn't find file 'metacarpal4_rvs.vtp'.
[2023-08-14 13:44:06.833] [warning] Couldn't find file 'ring_proximal_rvs.vtp'.
[2023-08-14 13:44:06.833] [warning] Couldn't find file 'ring_medial_rvs.vtp'.
[2023-08-14 13:44:06.833] [warning] Couldn't find file 'ring_distal_rvs.vtp'.
[2023-08-14 13:44:06.833] [warning] Couldn't find file 'metacarpal5_rvs.vtp'.
[2023-08-14 13:44:06.833] [warning] Couldn't find file 'little_proximal_rvs.vtp'.
[2023-08-14 13:44:06.833] [warning] Couldn't find file 'little_medial_rvs.vtp'.
[2023-08-14 13:44:06.833] [warning] Couldn't find file 'little_distal_rvs.vtp'.
[2023-08-14 13:44:06.833] [warning] Couldn't find file 'metacarpal1_rvs.vtp'.
[2023-08-14 13:44:06.834] [warning] Couldn't find file 'thumb_proximal_rvs.vtp'.
[2023-08-14 13:44:06.834] [warning] Couldn't find file 'thumb_distal_rvs.vtp'.
[2023-08-14 13:44:06.834] [warning] Couldn't find file 'humerus_lv.vtp'.
[2023-08-14 13:44:06.834] [warning] Couldn't find file 'ulna_lv.vtp'.
[2023-08-14 13:44:06.834] [warning] Couldn't find file 'radius_lv.vtp'.
[2023-08-14 13:44:06.834] [warning] Couldn't find file 'pisiform_lvs.vtp'.
[2023-08-14 13:44:06.834] [warning] Couldn't find file 'lunate_lvs.vtp'.
[2023-08-14 13:44:06.834] [warning] Couldn't find file 'scaphoid_lvs.vtp'.
[2023-08-14 13:44:06.834] [warning] Couldn't find file 'triquetrum_lvs.vtp'.
[2023-08-14 13:44:06.834] [warning] Couldn't find file 'hamate_lvs.vtp'.
[2023-08-14 13:44:06.835] [warning] Couldn't find file 'capitate_lvs.vtp'.
[2023-08-14 13:44:06.835] [warning] Couldn't find file 'trapezoid_lvs.vtp'.
[2023-08-14 13:44:06.835] [warning] Couldn't find file 'trapezium_lvs.vtp'.
[2023-08-14 13:44:06.835] [warning] Couldn't find file 'metacarpal2_lvs.vtp'.
[2023-08-14 13:44:06.835] [warning] Couldn't find file 'index_proximal_lvs.vtp'.
[2023-08-14 13:44:06.835] [warning] Couldn't find file 'index_medial_lvs.vtp'.
[2023-08-14 13:44:06.835] [warning] Couldn't find file 'index_distal_lvs.vtp'.
[2023-08-14 13:44:06.835] [warning] Couldn't find file 'metacarpal3_lvs.vtp'.
[2023-08-14 13:44:06.835] [warning] Couldn't find file 'middle_proximal_lvs.vtp'.
[2023-08-14 13:44:06.835] [warning] Couldn't find file 'middle_medial_lvs.vtp'.
[2023-08-14 13:44:06.836] [warning] Couldn't find file 'middle_distal_lvs.vtp'.
[2023-08-14 13:44:06.836] [warning] Couldn't find file 'metacarpal4_lvs.vtp'.
[2023-08-14 13:44:06.836] [warning] Couldn't find file 'ring_proximal_lvs.vtp'.
[2023-08-14 13:44:06.836] [warning] Couldn't find file 'ring_medial_lvs.vtp'.
[2023-08-14 13:44:06.836] [warning] Couldn't find file 'ring_distal_lvs.vtp'.
[2023-08-14 13:44:06.836] [warning] Couldn't find file 'metacarpal5_lvs.vtp'.
[2023-08-14 13:44:06.836] [warning] Couldn't find file 'little_proximal_lvs.vtp'.
[2023-08-14 13:44:06.836] [warning] Couldn't find file 'little_medial_lvs.vtp'.
[2023-08-14 13:44:06.836] [warning] Couldn't find file 'little_distal_lvs.vtp'.
[2023-08-14 13:44:06.836] [warning] Couldn't find file 'metacarpal1_lvs.vtp'.
[2023-08-14 13:44:06.836] [warning] Couldn't find file 'thumb_proximal_lvs.vtp'.
[2023-08-14 13:44:06.837] [warning] Couldn't find file 'thumb_distal_lvs.vtp'.
[2023-08-14 13:45:06.489] [info] Loaded model optimized_scale_and_markers from file final.osim
[2023-08-14 13:45:06.490] [warning] Couldn't find file 'r_pelvis_raja.vtp'.
[2023-08-14 13:45:06.490] [warning] Couldn't find file 'l_pelvis_raja.vtp'.
[2023-08-14 13:45:06.490] [warning] Couldn't find file 'sacrum.vtp'.
[2023-08-14 13:45:06.490] [warning] Couldn't find file 'r_femur.vtp'.
[2023-08-14 13:45:06.490] [warning] Couldn't find file 'r_tibia.vtp'.
[2023-08-14 13:45:06.490] [warning] Couldn't find file 'r_fibula.vtp'.
[2023-08-14 13:45:06.490] [warning] Couldn't find file 'r_patella.vtp'.
[2023-08-14 13:45:06.490] [warning] Couldn't find file 'r_talus.vtp'.
[2023-08-14 13:45:06.490] [warning] Couldn't find file 'r_foot.vtp'.
[2023-08-14 13:45:06.491] [warning] Couldn't find file 'r_bofoot.vtp'.
[2023-08-14 13:45:06.491] [warning] Couldn't find file 'l_femur.vtp'.
[2023-08-14 13:45:06.491] [warning] Couldn't find file 'l_tibia.vtp'.
[2023-08-14 13:45:06.491] [warning] Couldn't find file 'l_fibula.vtp'.
[2023-08-14 13:45:06.491] [warning] Couldn't find file 'l_pat.vtp'.
[2023-08-14 13:45:06.491] [warning] Couldn't find file 'l_talus.vtp'.
[2023-08-14 13:45:06.491] [warning] Couldn't find file 'l_foot.vtp'.
[2023-08-14 13:45:06.491] [warning] Couldn't find file 'l_bofoot.vtp'.
[2023-08-14 13:45:06.491] [warning] Couldn't find file 'hat_spine.vtp'.
[2023-08-14 13:45:06.492] [warning] Couldn't find file 'hat_jaw.vtp'.
[2023-08-14 13:45:06.492] [warning] Couldn't find file 'hat_skull.vtp'.
[2023-08-14 13:45:06.492] [warning] Couldn't find file 'hat_ribs_scap.vtp'.
[2023-08-14 13:45:06.492] [warning] Couldn't find file 'humerus_rv.vtp'.
[2023-08-14 13:45:06.492] [warning] Couldn't find file 'ulna_rv.vtp'.
[2023-08-14 13:45:06.492] [warning] Couldn't find file 'radius_rv.vtp'.
[2023-08-14 13:45:06.492] [warning] Couldn't find file 'pisiform_rvs.vtp'.
[2023-08-14 13:45:06.492] [warning] Couldn't find file 'lunate_rvs.vtp'.
[2023-08-14 13:45:06.492] [warning] Couldn't find file 'scaphoid_rvs.vtp'.
[2023-08-14 13:45:06.492] [warning] Couldn't find file 'triquetrum_rvs.vtp'.
[2023-08-14 13:45:06.493] [warning] Couldn't find file 'hamate_rvs.vtp'.
[2023-08-14 13:45:06.493] [warning] Couldn't find file 'capitate_rvs.vtp'.
[2023-08-14 13:45:06.493] [warning] Couldn't find file 'trapezoid_rvs.vtp'.
[2023-08-14 13:45:06.493] [warning] Couldn't find file 'trapezium_rvs.vtp'.
[2023-08-14 13:45:06.493] [warning] Couldn't find file 'metacarpal2_rvs.vtp'.
[2023-08-14 13:45:06.493] [warning] Couldn't find file 'index_proximal_rvs.vtp'.
[2023-08-14 13:45:06.493] [warning] Couldn't find file 'index_medial_rvs.vtp'.
[2023-08-14 13:45:06.493] [warning] Couldn't find file 'index_distal_rvs.vtp'.
[2023-08-14 13:45:06.493] [warning] Couldn't find file 'metacarpal3_rvs.vtp'.
[2023-08-14 13:45:06.493] [warning] Couldn't find file 'middle_proximal_rvs.vtp'.
[2023-08-14 13:45:06.494] [warning] Couldn't find file 'middle_medial_rvs.vtp'.
[2023-08-14 13:45:06.494] [warning] Couldn't find file 'middle_distal_rvs.vtp'.
[2023-08-14 13:45:06.494] [warning] Couldn't find file 'metacarpal4_rvs.vtp'.
[2023-08-14 13:45:06.494] [warning] Couldn't find file 'ring_proximal_rvs.vtp'.
[2023-08-14 13:45:06.494] [warning] Couldn't find file 'ring_medial_rvs.vtp'.
[2023-08-14 13:45:06.494] [warning] Couldn't find file 'ring_distal_rvs.vtp'.
[2023-08-14 13:45:06.494] [warning] Couldn't find file 'metacarpal5_rvs.vtp'.
[2023-08-14 13:45:06.494] [warning] Couldn't find file 'little_proximal_rvs.vtp'.
[2023-08-14 13:45:06.494] [warning] Couldn't find file 'little_medial_rvs.vtp'.
[2023-08-14 13:45:06.494] [warning] Couldn't find file 'little_distal_rvs.vtp'.
[2023-08-14 13:45:06.494] [warning] Couldn't find file 'metacarpal1_rvs.vtp'.
[2023-08-14 13:45:06.495] [warning] Couldn't find file 'thumb_proximal_rvs.vtp'.
[2023-08-14 13:45:06.495] [warning] Couldn't find file 'thumb_distal_rvs.vtp'.
[2023-08-14 13:45:06.495] [warning] Couldn't find file 'humerus_lv.vtp'.
[2023-08-14 13:45:06.495] [warning] Couldn't find file 'ulna_lv.vtp'.
[2023-08-14 13:45:06.495] [warning] Couldn't find file 'radius_lv.vtp'.
[2023-08-14 13:45:06.495] [warning] Couldn't find file 'pisiform_lvs.vtp'.
[2023-08-14 13:45:06.495] [warning] Couldn't find file 'lunate_lvs.vtp'.
[2023-08-14 13:45:06.495] [warning] Couldn't find file 'scaphoid_lvs.vtp'.
[2023-08-14 13:45:06.495] [warning] Couldn't find file 'triquetrum_lvs.vtp'.
[2023-08-14 13:45:06.495] [warning] Couldn't find file 'hamate_lvs.vtp'.
[2023-08-14 13:45:06.495] [warning] Couldn't find file 'capitate_lvs.vtp'.
[2023-08-14 13:45:06.496] [warning] Couldn't find file 'trapezoid_lvs.vtp'.
[2023-08-14 13:45:06.496] [warning] Couldn't find file 'trapezium_lvs.vtp'.
[2023-08-14 13:45:06.496] [warning] Couldn't find file 'metacarpal2_lvs.vtp'.
[2023-08-14 13:45:06.496] [warning] Couldn't find file 'index_proximal_lvs.vtp'.
[2023-08-14 13:45:06.496] [warning] Couldn't find file 'index_medial_lvs.vtp'.
[2023-08-14 13:45:06.496] [warning] Couldn't find file 'index_distal_lvs.vtp'.
[2023-08-14 13:45:06.496] [warning] Couldn't find file 'metacarpal3_lvs.vtp'.
[2023-08-14 13:45:06.496] [warning] Couldn't find file 'middle_proximal_lvs.vtp'.
[2023-08-14 13:45:06.496] [warning] Couldn't find file 'middle_medial_lvs.vtp'.
[2023-08-14 13:45:06.497] [warning] Couldn't find file 'middle_distal_lvs.vtp'.
[2023-08-14 13:45:06.497] [warning] Couldn't find file 'metacarpal4_lvs.vtp'.
[2023-08-14 13:45:06.497] [warning] Couldn't find file 'ring_proximal_lvs.vtp'.
[2023-08-14 13:45:06.497] [warning] Couldn't find file 'ring_medial_lvs.vtp'.
[2023-08-14 13:45:06.497] [warning] Couldn't find file 'ring_distal_lvs.vtp'.
[2023-08-14 13:45:06.497] [warning] Couldn't find file 'metacarpal5_lvs.vtp'.
[2023-08-14 13:45:06.497] [warning] Couldn't find file 'little_proximal_lvs.vtp'.
[2023-08-14 13:45:06.497] [warning] Couldn't find file 'little_medial_lvs.vtp'.
[2023-08-14 13:45:06.497] [warning] Couldn't find file 'little_distal_lvs.vtp'.
[2023-08-14 13:45:06.498] [warning] Couldn't find file 'metacarpal1_lvs.vtp'.
[2023-08-14 13:45:06.498] [warning] Couldn't find file 'thumb_proximal_lvs.vtp'.
[2023-08-14 13:45:06.498] [warning] Couldn't find file 'thumb_distal_lvs.vtp'.
[2023-08-14 13:45:27.298] [info] Loaded model optimized_scale_and_markers from file final.osim
[2023-08-14 13:45:27.298] [warning] Couldn't find file 'r_pelvis_raja.vtp'.
[2023-08-14 13:45:27.298] [warning] Couldn't find file 'l_pelvis_raja.vtp'.
[2023-08-14 13:45:27.299] [warning] Couldn't find file 'sacrum.vtp'.
[2023-08-14 13:45:27.299] [warning] Couldn't find file 'r_femur.vtp'.
[2023-08-14 13:45:27.299] [warning] Couldn't find file 'r_tibia.vtp'.
[2023-08-14 13:45:27.299] [warning] Couldn't find file 'r_fibula.vtp'.
[2023-08-14 13:45:27.299] [warning] Couldn't find file 'r_patella.vtp'.
[2023-08-14 13:45:27.299] [warning] Couldn't find file 'r_talus.vtp'.
[2023-08-14 13:45:27.299] [warning] Couldn't find file 'r_foot.vtp'.
[2023-08-14 13:45:27.299] [warning] Couldn't find file 'r_bofoot.vtp'.
[2023-08-14 13:45:27.299] [warning] Couldn't find file 'l_femur.vtp'.
[2023-08-14 13:45:27.300] [warning] Couldn't find file 'l_tibia.vtp'.
[2023-08-14 13:45:27.300] [warning] Couldn't find file 'l_fibula.vtp'.
[2023-08-14 13:45:27.300] [warning] Couldn't find file 'l_pat.vtp'.
[2023-08-14 13:45:27.300] [warning] Couldn't find file 'l_talus.vtp'.
[2023-08-14 13:45:27.300] [warning] Couldn't find file 'l_foot.vtp'.
[2023-08-14 13:45:27.300] [warning] Couldn't find file 'l_bofoot.vtp'.
[2023-08-14 13:45:27.300] [warning] Couldn't find file 'hat_spine.vtp'.
[2023-08-14 13:45:27.300] [warning] Couldn't find file 'hat_jaw.vtp'.
[2023-08-14 13:45:27.300] [warning] Couldn't find file 'hat_skull.vtp'.
[2023-08-14 13:45:27.300] [warning] Couldn't find file 'hat_ribs_scap.vtp'.
[2023-08-14 13:45:27.300] [warning] Couldn't find file 'humerus_rv.vtp'.
[2023-08-14 13:45:27.301] [warning] Couldn't find file 'ulna_rv.vtp'.
[2023-08-14 13:45:27.301] [warning] Couldn't find file 'radius_rv.vtp'.
[2023-08-14 13:45:27.301] [warning] Couldn't find file 'pisiform_rvs.vtp'.
[2023-08-14 13:45:27.301] [warning] Couldn't find file 'lunate_rvs.vtp'.
[2023-08-14 13:45:27.301] [warning] Couldn't find file 'scaphoid_rvs.vtp'.
[2023-08-14 13:45:27.301] [warning] Couldn't find file 'triquetrum_rvs.vtp'.
[2023-08-14 13:45:27.301] [warning] Couldn't find file 'hamate_rvs.vtp'.
[2023-08-14 13:45:27.301] [warning] Couldn't find file 'capitate_rvs.vtp'.
[2023-08-14 13:45:27.301] [warning] Couldn't find file 'trapezoid_rvs.vtp'.
[2023-08-14 13:45:27.301] [warning] Couldn't find file 'trapezium_rvs.vtp'.
[2023-08-14 13:45:27.301] [warning] Couldn't find file 'metacarpal2_rvs.vtp'.
[2023-08-14 13:45:27.302] [warning] Couldn't find file 'index_proximal_rvs.vtp'.
[2023-08-14 13:45:27.302] [warning] Couldn't find file 'index_medial_rvs.vtp'.
[2023-08-14 13:45:27.302] [warning] Couldn't find file 'index_distal_rvs.vtp'.
[2023-08-14 13:45:27.302] [warning] Couldn't find file 'metacarpal3_rvs.vtp'.
[2023-08-14 13:45:27.302] [warning] Couldn't find file 'middle_proximal_rvs.vtp'.
[2023-08-14 13:45:27.302] [warning] Couldn't find file 'middle_medial_rvs.vtp'.
[2023-08-14 13:45:27.302] [warning] Couldn't find file 'middle_distal_rvs.vtp'.
[2023-08-14 13:45:27.302] [warning] Couldn't find file 'metacarpal4_rvs.vtp'.
[2023-08-14 13:45:27.302] [warning] Couldn't find file 'ring_proximal_rvs.vtp'.
[2023-08-14 13:45:27.302] [warning] Couldn't find file 'ring_medial_rvs.vtp'.
[2023-08-14 13:45:27.302] [warning] Couldn't find file 'ring_distal_rvs.vtp'.
[2023-08-14 13:45:27.303] [warning] Couldn't find file 'metacarpal5_rvs.vtp'.
[2023-08-14 13:45:27.303] [warning] Couldn't find file 'little_proximal_rvs.vtp'.
[2023-08-14 13:45:27.303] [warning] Couldn't find file 'little_medial_rvs.vtp'.
[2023-08-14 13:45:27.303] [warning] Couldn't find file 'little_distal_rvs.vtp'.
[2023-08-14 13:45:27.303] [warning] Couldn't find file 'metacarpal1_rvs.vtp'.
[2023-08-14 13:45:27.303] [warning] Couldn't find file 'thumb_proximal_rvs.vtp'.
[2023-08-14 13:45:27.303] [warning] Couldn't find file 'thumb_distal_rvs.vtp'.
[2023-08-14 13:45:27.303] [warning] Couldn't find file 'humerus_lv.vtp'.
[2023-08-14 13:45:27.303] [warning] Couldn't find file 'ulna_lv.vtp'.
[2023-08-14 13:45:27.303] [warning] Couldn't find file 'radius_lv.vtp'.
[2023-08-14 13:45:27.304] [warning] Couldn't find file 'pisiform_lvs.vtp'.
[2023-08-14 13:45:27.304] [warning] Couldn't find file 'lunate_lvs.vtp'.
[2023-08-14 13:45:27.304] [warning] Couldn't find file 'scaphoid_lvs.vtp'.
[2023-08-14 13:45:27.304] [warning] Couldn't find file 'triquetrum_lvs.vtp'.
[2023-08-14 13:45:27.304] [warning] Couldn't find file 'hamate_lvs.vtp'.
[2023-08-14 13:45:27.304] [warning] Couldn't find file 'capitate_lvs.vtp'.
[2023-08-14 13:45:27.304] [warning] Couldn't find file 'trapezoid_lvs.vtp'.
[2023-08-14 13:45:27.304] [warning] Couldn't find file 'trapezium_lvs.vtp'.
[2023-08-14 13:45:27.304] [warning] Couldn't find file 'metacarpal2_lvs.vtp'.
[2023-08-14 13:45:27.304] [warning] Couldn't find file 'index_proximal_lvs.vtp'.
[2023-08-14 13:45:27.305] [warning] Couldn't find file 'index_medial_lvs.vtp'.
[2023-08-14 13:45:27.305] [warning] Couldn't find file 'index_distal_lvs.vtp'.
[2023-08-14 13:45:27.305] [warning] Couldn't find file 'metacarpal3_lvs.vtp'.
[2023-08-14 13:45:27.305] [warning] Couldn't find file 'middle_proximal_lvs.vtp'.
[2023-08-14 13:45:27.305] [warning] Couldn't find file 'middle_medial_lvs.vtp'.
[2023-08-14 13:45:27.305] [warning] Couldn't find file 'middle_distal_lvs.vtp'.
[2023-08-14 13:45:27.306] [warning] Couldn't find file 'metacarpal4_lvs.vtp'.
[2023-08-14 13:45:27.306] [warning] Couldn't find file 'ring_proximal_lvs.vtp'.
[2023-08-14 13:45:27.306] [warning] Couldn't find file 'ring_medial_lvs.vtp'.
[2023-08-14 13:45:27.306] [warning] Couldn't find file 'ring_distal_lvs.vtp'.
[2023-08-14 13:45:27.306] [warning] Couldn't find file 'metacarpal5_lvs.vtp'.
[2023-08-14 13:45:27.306] [warning] Couldn't find file 'little_proximal_lvs.vtp'.
[2023-08-14 13:45:27.306] [warning] Couldn't find file 'little_medial_lvs.vtp'.
[2023-08-14 13:45:27.306] [warning] Couldn't find file 'little_distal_lvs.vtp'.
[2023-08-14 13:45:27.306] [warning] Couldn't find file 'metacarpal1_lvs.vtp'.
[2023-08-14 13:45:27.306] [warning] Couldn't find file 'thumb_proximal_lvs.vtp'.
[2023-08-14 13:45:27.307] [warning] Couldn't find file 'thumb_distal_lvs.vtp'.
