[2023-09-13 17:01:32.683] [info] Loaded model generic_sprinter from file Nord_Model.osim
[2023-09-13 17:01:32.685] [warning] Couldn't find file 'r_pelvis_raja.vtp'.
[2023-09-13 17:01:32.685] [warning] Couldn't find file 'l_pelvis_raja.vtp'.
[2023-09-13 17:01:32.685] [warning] Couldn't find file 'sacrum.vtp'.
[2023-09-13 17:01:32.686] [warning] Couldn't find file 'r_femur.vtp'.
[2023-09-13 17:01:32.686] [warning] Couldn't find file 'r_tibia.vtp'.
[2023-09-13 17:01:32.686] [warning] Couldn't find file 'r_fibula.vtp'.
[2023-09-13 17:01:32.686] [warning] Couldn't find file 'r_patella.vtp'.
[2023-09-13 17:01:32.686] [warning] Couldn't find file 'r_talus.vtp'.
[2023-09-13 17:01:32.686] [warning] Couldn't find file 'r_foot.vtp'.
[2023-09-13 17:01:32.687] [warning] Couldn't find file 'r_bofoot.vtp'.
[2023-09-13 17:01:32.687] [warning] Couldn't find file 'l_femur.vtp'.
[2023-09-13 17:01:32.687] [warning] Couldn't find file 'l_tibia.vtp'.
[2023-09-13 17:01:32.687] [warning] Couldn't find file 'l_fibula.vtp'.
[2023-09-13 17:01:32.687] [warning] Couldn't find file 'l_pat.vtp'.
[2023-09-13 17:01:32.687] [warning] Couldn't find file 'l_talus.vtp'.
[2023-09-13 17:01:32.687] [warning] Couldn't find file 'l_foot.vtp'.
[2023-09-13 17:01:32.687] [warning] Couldn't find file 'l_bofoot.vtp'.
[2023-09-13 17:01:32.687] [warning] Couldn't find file 'hat_spine.vtp'.
[2023-09-13 17:01:32.688] [warning] Couldn't find file 'hat_jaw.vtp'.
[2023-09-13 17:01:32.688] [warning] Couldn't find file 'hat_skull.vtp'.
[2023-09-13 17:01:32.688] [warning] Couldn't find file 'hat_ribs_scap.vtp'.
[2023-09-13 17:01:32.688] [warning] Couldn't find file 'humerus_rv.vtp'.
[2023-09-13 17:01:32.688] [warning] Couldn't find file 'ulna_rv.vtp'.
[2023-09-13 17:01:32.688] [warning] Couldn't find file 'radius_rv.vtp'.
[2023-09-13 17:01:32.688] [warning] Couldn't find file 'pisiform_rvs.vtp'.
[2023-09-13 17:01:32.688] [warning] Couldn't find file 'lunate_rvs.vtp'.
[2023-09-13 17:01:32.688] [warning] Couldn't find file 'scaphoid_rvs.vtp'.
[2023-09-13 17:01:32.689] [warning] Couldn't find file 'triquetrum_rvs.vtp'.
[2023-09-13 17:01:32.689] [warning] Couldn't find file 'hamate_rvs.vtp'.
[2023-09-13 17:01:32.689] [warning] Couldn't find file 'capitate_rvs.vtp'.
[2023-09-13 17:01:32.689] [warning] Couldn't find file 'trapezoid_rvs.vtp'.
[2023-09-13 17:01:32.689] [warning] Couldn't find file 'trapezium_rvs.vtp'.
[2023-09-13 17:01:32.689] [warning] Couldn't find file 'metacarpal2_rvs.vtp'.
[2023-09-13 17:01:32.689] [warning] Couldn't find file 'index_proximal_rvs.vtp'.
[2023-09-13 17:01:32.689] [warning] Couldn't find file 'index_medial_rvs.vtp'.
[2023-09-13 17:01:32.689] [warning] Couldn't find file 'index_distal_rvs.vtp'.
[2023-09-13 17:01:32.689] [warning] Couldn't find file 'metacarpal3_rvs.vtp'.
[2023-09-13 17:01:32.690] [warning] Couldn't find file 'middle_proximal_rvs.vtp'.
[2023-09-13 17:01:32.690] [warning] Couldn't find file 'middle_medial_rvs.vtp'.
[2023-09-13 17:01:32.690] [warning] Couldn't find file 'middle_distal_rvs.vtp'.
[2023-09-13 17:01:32.690] [warning] Couldn't find file 'metacarpal4_rvs.vtp'.
[2023-09-13 17:01:32.690] [warning] Couldn't find file 'ring_proximal_rvs.vtp'.
[2023-09-13 17:01:32.690] [warning] Couldn't find file 'ring_medial_rvs.vtp'.
[2023-09-13 17:01:32.690] [warning] Couldn't find file 'ring_distal_rvs.vtp'.
[2023-09-13 17:01:32.690] [warning] Couldn't find file 'metacarpal5_rvs.vtp'.
[2023-09-13 17:01:32.690] [warning] Couldn't find file 'little_proximal_rvs.vtp'.
[2023-09-13 17:01:32.691] [warning] Couldn't find file 'little_medial_rvs.vtp'.
[2023-09-13 17:01:32.691] [warning] Couldn't find file 'little_distal_rvs.vtp'.
[2023-09-13 17:01:32.691] [warning] Couldn't find file 'metacarpal1_rvs.vtp'.
[2023-09-13 17:01:32.691] [warning] Couldn't find file 'thumb_proximal_rvs.vtp'.
[2023-09-13 17:01:32.691] [warning] Couldn't find file 'thumb_distal_rvs.vtp'.
[2023-09-13 17:01:32.691] [warning] Couldn't find file 'humerus_lv.vtp'.
[2023-09-13 17:01:32.691] [warning] Couldn't find file 'ulna_lv.vtp'.
[2023-09-13 17:01:32.691] [warning] Couldn't find file 'radius_lv.vtp'.
[2023-09-13 17:01:32.691] [warning] Couldn't find file 'pisiform_lvs.vtp'.
[2023-09-13 17:01:32.692] [warning] Couldn't find file 'lunate_lvs.vtp'.
[2023-09-13 17:01:32.692] [warning] Couldn't find file 'scaphoid_lvs.vtp'.
[2023-09-13 17:01:32.692] [warning] Couldn't find file 'triquetrum_lvs.vtp'.
[2023-09-13 17:01:32.692] [warning] Couldn't find file 'hamate_lvs.vtp'.
[2023-09-13 17:01:32.692] [warning] Couldn't find file 'capitate_lvs.vtp'.
[2023-09-13 17:01:32.692] [warning] Couldn't find file 'trapezoid_lvs.vtp'.
[2023-09-13 17:01:32.692] [warning] Couldn't find file 'trapezium_lvs.vtp'.
[2023-09-13 17:01:32.692] [warning] Couldn't find file 'metacarpal2_lvs.vtp'.
[2023-09-13 17:01:32.692] [warning] Couldn't find file 'index_proximal_lvs.vtp'.
[2023-09-13 17:01:32.693] [warning] Couldn't find file 'index_medial_lvs.vtp'.
[2023-09-13 17:01:32.693] [warning] Couldn't find file 'index_distal_lvs.vtp'.
[2023-09-13 17:01:32.693] [warning] Couldn't find file 'metacarpal3_lvs.vtp'.
[2023-09-13 17:01:32.693] [warning] Couldn't find file 'middle_proximal_lvs.vtp'.
[2023-09-13 17:01:32.693] [warning] Couldn't find file 'middle_medial_lvs.vtp'.
[2023-09-13 17:01:32.693] [warning] Couldn't find file 'middle_distal_lvs.vtp'.
[2023-09-13 17:01:32.693] [warning] Couldn't find file 'metacarpal4_lvs.vtp'.
[2023-09-13 17:01:32.694] [warning] Couldn't find file 'ring_proximal_lvs.vtp'.
[2023-09-13 17:01:32.694] [warning] Couldn't find file 'ring_medial_lvs.vtp'.
[2023-09-13 17:01:32.694] [warning] Couldn't find file 'ring_distal_lvs.vtp'.
[2023-09-13 17:01:32.694] [warning] Couldn't find file 'metacarpal5_lvs.vtp'.
[2023-09-13 17:01:32.694] [warning] Couldn't find file 'little_proximal_lvs.vtp'.
[2023-09-13 17:01:32.694] [warning] Couldn't find file 'little_medial_lvs.vtp'.
[2023-09-13 17:01:32.694] [warning] Couldn't find file 'little_distal_lvs.vtp'.
[2023-09-13 17:01:32.694] [warning] Couldn't find file 'metacarpal1_lvs.vtp'.
[2023-09-13 17:01:32.694] [warning] Couldn't find file 'thumb_proximal_lvs.vtp'.
[2023-09-13 17:01:32.694] [warning] Couldn't find file 'thumb_distal_lvs.vtp'.
[2023-09-13 17:01:32.754] [info] ExternalLoads 'rotated_Sprint_04500001' was renamed and is being reset to 'externalloads'.
[2023-09-13 17:01:32.773] [error] IO.OpenInputFile(const string&,openmode mode): failed to open Sprint_04500001_forces_filt15Hz.mot.
[2023-09-13 17:01:32.774] [error] Failed to read ExternalLoads data file 'Sprint_04500001_forces_filt15Hz.mot'.
[2023-09-14 11:30:02.956] [info] Loaded model optimized_scale_and_markers from file final.osim
[2023-09-14 11:30:02.958] [warning] Couldn't find file 'r_pelvis_raja.vtp'.
[2023-09-14 11:30:02.958] [warning] Couldn't find file 'l_pelvis_raja.vtp'.
[2023-09-14 11:30:02.958] [warning] Couldn't find file 'sacrum.vtp'.
[2023-09-14 11:30:02.959] [warning] Couldn't find file 'r_femur.vtp'.
[2023-09-14 11:30:02.959] [warning] Couldn't find file 'r_tibia.vtp'.
[2023-09-14 11:30:02.959] [warning] Couldn't find file 'r_fibula.vtp'.
[2023-09-14 11:30:02.959] [warning] Couldn't find file 'r_patella.vtp'.
[2023-09-14 11:30:02.959] [warning] Couldn't find file 'r_talus.vtp'.
[2023-09-14 11:30:02.959] [warning] Couldn't find file 'r_foot.vtp'.
[2023-09-14 11:30:02.959] [warning] Couldn't find file 'r_bofoot.vtp'.
[2023-09-14 11:30:02.959] [warning] Couldn't find file 'l_femur.vtp'.
[2023-09-14 11:30:02.959] [warning] Couldn't find file 'l_tibia.vtp'.
[2023-09-14 11:30:02.960] [warning] Couldn't find file 'l_fibula.vtp'.
[2023-09-14 11:30:02.960] [warning] Couldn't find file 'l_pat.vtp'.
[2023-09-14 11:30:02.960] [warning] Couldn't find file 'l_talus.vtp'.
[2023-09-14 11:30:02.960] [warning] Couldn't find file 'l_foot.vtp'.
[2023-09-14 11:30:02.960] [warning] Couldn't find file 'l_bofoot.vtp'.
[2023-09-14 11:30:02.960] [warning] Couldn't find file 'hat_spine.vtp'.
[2023-09-14 11:30:02.960] [warning] Couldn't find file 'hat_jaw.vtp'.
[2023-09-14 11:30:02.960] [warning] Couldn't find file 'hat_skull.vtp'.
[2023-09-14 11:30:02.960] [warning] Couldn't find file 'hat_ribs_scap.vtp'.
[2023-09-14 11:30:02.960] [warning] Couldn't find file 'humerus_rv.vtp'.
[2023-09-14 11:30:02.961] [warning] Couldn't find file 'ulna_rv.vtp'.
[2023-09-14 11:30:02.961] [warning] Couldn't find file 'radius_rv.vtp'.
[2023-09-14 11:30:02.961] [warning] Couldn't find file 'pisiform_rvs.vtp'.
[2023-09-14 11:30:02.961] [warning] Couldn't find file 'lunate_rvs.vtp'.
[2023-09-14 11:30:02.961] [warning] Couldn't find file 'scaphoid_rvs.vtp'.
[2023-09-14 11:30:02.961] [warning] Couldn't find file 'triquetrum_rvs.vtp'.
[2023-09-14 11:30:02.961] [warning] Couldn't find file 'hamate_rvs.vtp'.
[2023-09-14 11:30:02.961] [warning] Couldn't find file 'capitate_rvs.vtp'.
[2023-09-14 11:30:02.961] [warning] Couldn't find file 'trapezoid_rvs.vtp'.
[2023-09-14 11:30:02.961] [warning] Couldn't find file 'trapezium_rvs.vtp'.
[2023-09-14 11:30:02.961] [warning] Couldn't find file 'metacarpal2_rvs.vtp'.
[2023-09-14 11:30:02.961] [warning] Couldn't find file 'index_proximal_rvs.vtp'.
[2023-09-14 11:30:02.962] [warning] Couldn't find file 'index_medial_rvs.vtp'.
[2023-09-14 11:30:02.962] [warning] Couldn't find file 'index_distal_rvs.vtp'.
[2023-09-14 11:30:02.962] [warning] Couldn't find file 'metacarpal3_rvs.vtp'.
[2023-09-14 11:30:02.962] [warning] Couldn't find file 'middle_proximal_rvs.vtp'.
[2023-09-14 11:30:02.962] [warning] Couldn't find file 'middle_medial_rvs.vtp'.
[2023-09-14 11:30:02.962] [warning] Couldn't find file 'middle_distal_rvs.vtp'.
[2023-09-14 11:30:02.962] [warning] Couldn't find file 'metacarpal4_rvs.vtp'.
[2023-09-14 11:30:02.962] [warning] Couldn't find file 'ring_proximal_rvs.vtp'.
[2023-09-14 11:30:02.962] [warning] Couldn't find file 'ring_medial_rvs.vtp'.
[2023-09-14 11:30:02.962] [warning] Couldn't find file 'ring_distal_rvs.vtp'.
[2023-09-14 11:30:02.962] [warning] Couldn't find file 'metacarpal5_rvs.vtp'.
[2023-09-14 11:30:02.962] [warning] Couldn't find file 'little_proximal_rvs.vtp'.
[2023-09-14 11:30:02.963] [warning] Couldn't find file 'little_medial_rvs.vtp'.
[2023-09-14 11:30:02.963] [warning] Couldn't find file 'little_distal_rvs.vtp'.
[2023-09-14 11:30:02.963] [warning] Couldn't find file 'metacarpal1_rvs.vtp'.
[2023-09-14 11:30:02.963] [warning] Couldn't find file 'thumb_proximal_rvs.vtp'.
[2023-09-14 11:30:02.963] [warning] Couldn't find file 'thumb_distal_rvs.vtp'.
[2023-09-14 11:30:02.963] [warning] Couldn't find file 'humerus_lv.vtp'.
[2023-09-14 11:30:02.963] [warning] Couldn't find file 'ulna_lv.vtp'.
[2023-09-14 11:30:02.963] [warning] Couldn't find file 'radius_lv.vtp'.
[2023-09-14 11:30:02.963] [warning] Couldn't find file 'pisiform_lvs.vtp'.
[2023-09-14 11:30:02.963] [warning] Couldn't find file 'lunate_lvs.vtp'.
[2023-09-14 11:30:02.963] [warning] Couldn't find file 'scaphoid_lvs.vtp'.
[2023-09-14 11:30:02.964] [warning] Couldn't find file 'triquetrum_lvs.vtp'.
[2023-09-14 11:30:02.964] [warning] Couldn't find file 'hamate_lvs.vtp'.
[2023-09-14 11:30:02.964] [warning] Couldn't find file 'capitate_lvs.vtp'.
[2023-09-14 11:30:02.964] [warning] Couldn't find file 'trapezoid_lvs.vtp'.
[2023-09-14 11:30:02.964] [warning] Couldn't find file 'trapezium_lvs.vtp'.
[2023-09-14 11:30:02.964] [warning] Couldn't find file 'metacarpal2_lvs.vtp'.
[2023-09-14 11:30:02.964] [warning] Couldn't find file 'index_proximal_lvs.vtp'.
[2023-09-14 11:30:02.964] [warning] Couldn't find file 'index_medial_lvs.vtp'.
[2023-09-14 11:30:02.964] [warning] Couldn't find file 'index_distal_lvs.vtp'.
[2023-09-14 11:30:02.964] [warning] Couldn't find file 'metacarpal3_lvs.vtp'.
[2023-09-14 11:30:02.964] [warning] Couldn't find file 'middle_proximal_lvs.vtp'.
[2023-09-14 11:30:02.964] [warning] Couldn't find file 'middle_medial_lvs.vtp'.
[2023-09-14 11:30:02.965] [warning] Couldn't find file 'middle_distal_lvs.vtp'.
[2023-09-14 11:30:02.965] [warning] Couldn't find file 'metacarpal4_lvs.vtp'.
[2023-09-14 11:30:02.965] [warning] Couldn't find file 'ring_proximal_lvs.vtp'.
[2023-09-14 11:30:02.965] [warning] Couldn't find file 'ring_medial_lvs.vtp'.
[2023-09-14 11:30:02.965] [warning] Couldn't find file 'ring_distal_lvs.vtp'.
[2023-09-14 11:30:02.965] [warning] Couldn't find file 'metacarpal5_lvs.vtp'.
[2023-09-14 11:30:02.965] [warning] Couldn't find file 'little_proximal_lvs.vtp'.
[2023-09-14 11:30:02.965] [warning] Couldn't find file 'little_medial_lvs.vtp'.
[2023-09-14 11:30:02.965] [warning] Couldn't find file 'little_distal_lvs.vtp'.
[2023-09-14 11:30:02.966] [warning] Couldn't find file 'metacarpal1_lvs.vtp'.
[2023-09-14 11:30:02.966] [warning] Couldn't find file 'thumb_proximal_lvs.vtp'.
[2023-09-14 11:30:02.966] [warning] Couldn't find file 'thumb_distal_lvs.vtp'.
[2023-09-14 11:30:03.037] [info] ExternalLoads 'rotated_Sprint_04500001' was renamed and is being reset to 'externalloads'.
[2023-09-14 11:30:03.054] [error] IO.OpenInputFile(const string&,openmode mode): failed to open Sprint_04500001_forces_filt15Hz.mot.
[2023-09-14 11:30:03.056] [error] Failed to read ExternalLoads data file 'Sprint_04500001_forces_filt15Hz.mot'.
[2023-09-14 12:09:06.111] [info] Loaded model optimized_scale_and_markers from file final.osim
[2023-09-14 12:09:06.111] [warning] Couldn't find file 'r_pelvis_raja.vtp'.
[2023-09-14 12:09:06.112] [warning] Couldn't find file 'l_pelvis_raja.vtp'.
[2023-09-14 12:09:06.112] [warning] Couldn't find file 'sacrum.vtp'.
[2023-09-14 12:09:06.112] [warning] Couldn't find file 'r_femur.vtp'.
[2023-09-14 12:09:06.112] [warning] Couldn't find file 'r_tibia.vtp'.
[2023-09-14 12:09:06.112] [warning] Couldn't find file 'r_fibula.vtp'.
[2023-09-14 12:09:06.112] [warning] Couldn't find file 'r_patella.vtp'.
[2023-09-14 12:09:06.112] [warning] Couldn't find file 'r_talus.vtp'.
[2023-09-14 12:09:06.112] [warning] Couldn't find file 'r_foot.vtp'.
[2023-09-14 12:09:06.112] [warning] Couldn't find file 'r_bofoot.vtp'.
[2023-09-14 12:09:06.112] [warning] Couldn't find file 'l_femur.vtp'.
[2023-09-14 12:09:06.113] [warning] Couldn't find file 'l_tibia.vtp'.
[2023-09-14 12:09:06.113] [warning] Couldn't find file 'l_fibula.vtp'.
[2023-09-14 12:09:06.113] [warning] Couldn't find file 'l_pat.vtp'.
[2023-09-14 12:09:06.113] [warning] Couldn't find file 'l_talus.vtp'.
[2023-09-14 12:09:06.113] [warning] Couldn't find file 'l_foot.vtp'.
[2023-09-14 12:09:06.113] [warning] Couldn't find file 'l_bofoot.vtp'.
[2023-09-14 12:09:06.113] [warning] Couldn't find file 'hat_spine.vtp'.
[2023-09-14 12:09:06.113] [warning] Couldn't find file 'hat_jaw.vtp'.
[2023-09-14 12:09:06.113] [warning] Couldn't find file 'hat_skull.vtp'.
[2023-09-14 12:09:06.114] [warning] Couldn't find file 'hat_ribs_scap.vtp'.
[2023-09-14 12:09:06.114] [warning] Couldn't find file 'humerus_rv.vtp'.
[2023-09-14 12:09:06.114] [warning] Couldn't find file 'ulna_rv.vtp'.
[2023-09-14 12:09:06.114] [warning] Couldn't find file 'radius_rv.vtp'.
[2023-09-14 12:09:06.114] [warning] Couldn't find file 'pisiform_rvs.vtp'.
[2023-09-14 12:09:06.114] [warning] Couldn't find file 'lunate_rvs.vtp'.
[2023-09-14 12:09:06.114] [warning] Couldn't find file 'scaphoid_rvs.vtp'.
[2023-09-14 12:09:06.114] [warning] Couldn't find file 'triquetrum_rvs.vtp'.
[2023-09-14 12:09:06.115] [warning] Couldn't find file 'hamate_rvs.vtp'.
[2023-09-14 12:09:06.115] [warning] Couldn't find file 'capitate_rvs.vtp'.
[2023-09-14 12:09:06.115] [warning] Couldn't find file 'trapezoid_rvs.vtp'.
[2023-09-14 12:09:06.115] [warning] Couldn't find file 'trapezium_rvs.vtp'.
[2023-09-14 12:09:06.115] [warning] Couldn't find file 'metacarpal2_rvs.vtp'.
[2023-09-14 12:09:06.115] [warning] Couldn't find file 'index_proximal_rvs.vtp'.
[2023-09-14 12:09:06.115] [warning] Couldn't find file 'index_medial_rvs.vtp'.
[2023-09-14 12:09:06.115] [warning] Couldn't find file 'index_distal_rvs.vtp'.
[2023-09-14 12:09:06.115] [warning] Couldn't find file 'metacarpal3_rvs.vtp'.
[2023-09-14 12:09:06.115] [warning] Couldn't find file 'middle_proximal_rvs.vtp'.
[2023-09-14 12:09:06.115] [warning] Couldn't find file 'middle_medial_rvs.vtp'.
[2023-09-14 12:09:06.116] [warning] Couldn't find file 'middle_distal_rvs.vtp'.
[2023-09-14 12:09:06.116] [warning] Couldn't find file 'metacarpal4_rvs.vtp'.
[2023-09-14 12:09:06.116] [warning] Couldn't find file 'ring_proximal_rvs.vtp'.
[2023-09-14 12:09:06.116] [warning] Couldn't find file 'ring_medial_rvs.vtp'.
[2023-09-14 12:09:06.116] [warning] Couldn't find file 'ring_distal_rvs.vtp'.
[2023-09-14 12:09:06.116] [warning] Couldn't find file 'metacarpal5_rvs.vtp'.
[2023-09-14 12:09:06.116] [warning] Couldn't find file 'little_proximal_rvs.vtp'.
[2023-09-14 12:09:06.116] [warning] Couldn't find file 'little_medial_rvs.vtp'.
[2023-09-14 12:09:06.116] [warning] Couldn't find file 'little_distal_rvs.vtp'.
[2023-09-14 12:09:06.116] [warning] Couldn't find file 'metacarpal1_rvs.vtp'.
[2023-09-14 12:09:06.116] [warning] Couldn't find file 'thumb_proximal_rvs.vtp'.
[2023-09-14 12:09:06.116] [warning] Couldn't find file 'thumb_distal_rvs.vtp'.
[2023-09-14 12:09:06.117] [warning] Couldn't find file 'humerus_lv.vtp'.
[2023-09-14 12:09:06.117] [warning] Couldn't find file 'ulna_lv.vtp'.
[2023-09-14 12:09:06.117] [warning] Couldn't find file 'radius_lv.vtp'.
[2023-09-14 12:09:06.117] [warning] Couldn't find file 'pisiform_lvs.vtp'.
[2023-09-14 12:09:06.117] [warning] Couldn't find file 'lunate_lvs.vtp'.
[2023-09-14 12:09:06.117] [warning] Couldn't find file 'scaphoid_lvs.vtp'.
[2023-09-14 12:09:06.117] [warning] Couldn't find file 'triquetrum_lvs.vtp'.
[2023-09-14 12:09:06.117] [warning] Couldn't find file 'hamate_lvs.vtp'.
[2023-09-14 12:09:06.117] [warning] Couldn't find file 'capitate_lvs.vtp'.
[2023-09-14 12:09:06.117] [warning] Couldn't find file 'trapezoid_lvs.vtp'.
[2023-09-14 12:09:06.118] [warning] Couldn't find file 'trapezium_lvs.vtp'.
[2023-09-14 12:09:06.118] [warning] Couldn't find file 'metacarpal2_lvs.vtp'.
[2023-09-14 12:09:06.118] [warning] Couldn't find file 'index_proximal_lvs.vtp'.
[2023-09-14 12:09:06.118] [warning] Couldn't find file 'index_medial_lvs.vtp'.
[2023-09-14 12:09:06.118] [warning] Couldn't find file 'index_distal_lvs.vtp'.
[2023-09-14 12:09:06.118] [warning] Couldn't find file 'metacarpal3_lvs.vtp'.
[2023-09-14 12:09:06.118] [warning] Couldn't find file 'middle_proximal_lvs.vtp'.
[2023-09-14 12:09:06.118] [warning] Couldn't find file 'middle_medial_lvs.vtp'.
[2023-09-14 12:09:06.118] [warning] Couldn't find file 'middle_distal_lvs.vtp'.
[2023-09-14 12:09:06.118] [warning] Couldn't find file 'metacarpal4_lvs.vtp'.
[2023-09-14 12:09:06.118] [warning] Couldn't find file 'ring_proximal_lvs.vtp'.
[2023-09-14 12:09:06.119] [warning] Couldn't find file 'ring_medial_lvs.vtp'.
[2023-09-14 12:09:06.119] [warning] Couldn't find file 'ring_distal_lvs.vtp'.
[2023-09-14 12:09:06.119] [warning] Couldn't find file 'metacarpal5_lvs.vtp'.
[2023-09-14 12:09:06.119] [warning] Couldn't find file 'little_proximal_lvs.vtp'.
[2023-09-14 12:09:06.119] [warning] Couldn't find file 'little_medial_lvs.vtp'.
[2023-09-14 12:09:06.119] [warning] Couldn't find file 'little_distal_lvs.vtp'.
[2023-09-14 12:09:06.119] [warning] Couldn't find file 'metacarpal1_lvs.vtp'.
[2023-09-14 12:09:06.119] [warning] Couldn't find file 'thumb_proximal_lvs.vtp'.
[2023-09-14 12:09:06.119] [warning] Couldn't find file 'thumb_distal_lvs.vtp'.
[2023-09-14 12:09:06.158] [info] ExternalLoads 'rotated_Sprint_04500001' was renamed and is being reset to 'externalloads'.
[2023-09-14 12:09:06.170] [error] IO.OpenInputFile(const string&,openmode mode): failed to open Sprint_04500001_forces_filt15Hz.mot.
[2023-09-14 12:09:06.170] [error] Failed to read ExternalLoads data file 'Sprint_04500001_forces_filt15Hz.mot'.
[2023-09-14 12:09:46.996] [info] Loaded model optimized_scale_and_markers from file final.osim
[2023-09-14 12:09:46.996] [warning] Couldn't find file 'r_pelvis_raja.vtp'.
[2023-09-14 12:09:46.997] [warning] Couldn't find file 'l_pelvis_raja.vtp'.
[2023-09-14 12:09:46.997] [warning] Couldn't find file 'sacrum.vtp'.
[2023-09-14 12:09:46.997] [warning] Couldn't find file 'r_femur.vtp'.
[2023-09-14 12:09:46.997] [warning] Couldn't find file 'r_tibia.vtp'.
[2023-09-14 12:09:46.997] [warning] Couldn't find file 'r_fibula.vtp'.
[2023-09-14 12:09:46.997] [warning] Couldn't find file 'r_patella.vtp'.
[2023-09-14 12:09:46.997] [warning] Couldn't find file 'r_talus.vtp'.
[2023-09-14 12:09:46.997] [warning] Couldn't find file 'r_foot.vtp'.
[2023-09-14 12:09:46.997] [warning] Couldn't find file 'r_bofoot.vtp'.
[2023-09-14 12:09:46.997] [warning] Couldn't find file 'l_femur.vtp'.
[2023-09-14 12:09:46.998] [warning] Couldn't find file 'l_tibia.vtp'.
[2023-09-14 12:09:46.998] [warning] Couldn't find file 'l_fibula.vtp'.
[2023-09-14 12:09:46.998] [warning] Couldn't find file 'l_pat.vtp'.
[2023-09-14 12:09:46.998] [warning] Couldn't find file 'l_talus.vtp'.
[2023-09-14 12:09:46.998] [warning] Couldn't find file 'l_foot.vtp'.
[2023-09-14 12:09:46.998] [warning] Couldn't find file 'l_bofoot.vtp'.
[2023-09-14 12:09:46.998] [warning] Couldn't find file 'hat_spine.vtp'.
[2023-09-14 12:09:46.998] [warning] Couldn't find file 'hat_jaw.vtp'.
[2023-09-14 12:09:46.998] [warning] Couldn't find file 'hat_skull.vtp'.
[2023-09-14 12:09:46.998] [warning] Couldn't find file 'hat_ribs_scap.vtp'.
[2023-09-14 12:09:46.999] [warning] Couldn't find file 'humerus_rv.vtp'.
[2023-09-14 12:09:46.999] [warning] Couldn't find file 'ulna_rv.vtp'.
[2023-09-14 12:09:46.999] [warning] Couldn't find file 'radius_rv.vtp'.
[2023-09-14 12:09:46.999] [warning] Couldn't find file 'pisiform_rvs.vtp'.
[2023-09-14 12:09:46.999] [warning] Couldn't find file 'lunate_rvs.vtp'.
[2023-09-14 12:09:46.999] [warning] Couldn't find file 'scaphoid_rvs.vtp'.
[2023-09-14 12:09:46.999] [warning] Couldn't find file 'triquetrum_rvs.vtp'.
[2023-09-14 12:09:46.999] [warning] Couldn't find file 'hamate_rvs.vtp'.
[2023-09-14 12:09:46.999] [warning] Couldn't find file 'capitate_rvs.vtp'.
[2023-09-14 12:09:46.999] [warning] Couldn't find file 'trapezoid_rvs.vtp'.
[2023-09-14 12:09:46.999] [warning] Couldn't find file 'trapezium_rvs.vtp'.
[2023-09-14 12:09:47.000] [warning] Couldn't find file 'metacarpal2_rvs.vtp'.
[2023-09-14 12:09:47.000] [warning] Couldn't find file 'index_proximal_rvs.vtp'.
[2023-09-14 12:09:47.000] [warning] Couldn't find file 'index_medial_rvs.vtp'.
[2023-09-14 12:09:47.000] [warning] Couldn't find file 'index_distal_rvs.vtp'.
[2023-09-14 12:09:47.000] [warning] Couldn't find file 'metacarpal3_rvs.vtp'.
[2023-09-14 12:09:47.000] [warning] Couldn't find file 'middle_proximal_rvs.vtp'.
[2023-09-14 12:09:47.000] [warning] Couldn't find file 'middle_medial_rvs.vtp'.
[2023-09-14 12:09:47.000] [warning] Couldn't find file 'middle_distal_rvs.vtp'.
[2023-09-14 12:09:47.000] [warning] Couldn't find file 'metacarpal4_rvs.vtp'.
[2023-09-14 12:09:47.000] [warning] Couldn't find file 'ring_proximal_rvs.vtp'.
[2023-09-14 12:09:47.000] [warning] Couldn't find file 'ring_medial_rvs.vtp'.
[2023-09-14 12:09:47.000] [warning] Couldn't find file 'ring_distal_rvs.vtp'.
[2023-09-14 12:09:47.001] [warning] Couldn't find file 'metacarpal5_rvs.vtp'.
[2023-09-14 12:09:47.001] [warning] Couldn't find file 'little_proximal_rvs.vtp'.
[2023-09-14 12:09:47.001] [warning] Couldn't find file 'little_medial_rvs.vtp'.
[2023-09-14 12:09:47.001] [warning] Couldn't find file 'little_distal_rvs.vtp'.
[2023-09-14 12:09:47.001] [warning] Couldn't find file 'metacarpal1_rvs.vtp'.
[2023-09-14 12:09:47.001] [warning] Couldn't find file 'thumb_proximal_rvs.vtp'.
[2023-09-14 12:09:47.001] [warning] Couldn't find file 'thumb_distal_rvs.vtp'.
[2023-09-14 12:09:47.001] [warning] Couldn't find file 'humerus_lv.vtp'.
[2023-09-14 12:09:47.001] [warning] Couldn't find file 'ulna_lv.vtp'.
[2023-09-14 12:09:47.001] [warning] Couldn't find file 'radius_lv.vtp'.
[2023-09-14 12:09:47.001] [warning] Couldn't find file 'pisiform_lvs.vtp'.
[2023-09-14 12:09:47.002] [warning] Couldn't find file 'lunate_lvs.vtp'.
[2023-09-14 12:09:47.002] [warning] Couldn't find file 'scaphoid_lvs.vtp'.
[2023-09-14 12:09:47.002] [warning] Couldn't find file 'triquetrum_lvs.vtp'.
[2023-09-14 12:09:47.002] [warning] Couldn't find file 'hamate_lvs.vtp'.
[2023-09-14 12:09:47.002] [warning] Couldn't find file 'capitate_lvs.vtp'.
[2023-09-14 12:09:47.002] [warning] Couldn't find file 'trapezoid_lvs.vtp'.
[2023-09-14 12:09:47.002] [warning] Couldn't find file 'trapezium_lvs.vtp'.
[2023-09-14 12:09:47.002] [warning] Couldn't find file 'metacarpal2_lvs.vtp'.
[2023-09-14 12:09:47.002] [warning] Couldn't find file 'index_proximal_lvs.vtp'.
[2023-09-14 12:09:47.002] [warning] Couldn't find file 'index_medial_lvs.vtp'.
[2023-09-14 12:09:47.002] [warning] Couldn't find file 'index_distal_lvs.vtp'.
[2023-09-14 12:09:47.003] [warning] Couldn't find file 'metacarpal3_lvs.vtp'.
[2023-09-14 12:09:47.003] [warning] Couldn't find file 'middle_proximal_lvs.vtp'.
[2023-09-14 12:09:47.003] [warning] Couldn't find file 'middle_medial_lvs.vtp'.
[2023-09-14 12:09:47.003] [warning] Couldn't find file 'middle_distal_lvs.vtp'.
[2023-09-14 12:09:47.003] [warning] Couldn't find file 'metacarpal4_lvs.vtp'.
[2023-09-14 12:09:47.003] [warning] Couldn't find file 'ring_proximal_lvs.vtp'.
[2023-09-14 12:09:47.003] [warning] Couldn't find file 'ring_medial_lvs.vtp'.
[2023-09-14 12:09:47.003] [warning] Couldn't find file 'ring_distal_lvs.vtp'.
[2023-09-14 12:09:47.003] [warning] Couldn't find file 'metacarpal5_lvs.vtp'.
[2023-09-14 12:09:47.003] [warning] Couldn't find file 'little_proximal_lvs.vtp'.
[2023-09-14 12:09:47.003] [warning] Couldn't find file 'little_medial_lvs.vtp'.
[2023-09-14 12:09:47.003] [warning] Couldn't find file 'little_distal_lvs.vtp'.
[2023-09-14 12:09:47.004] [warning] Couldn't find file 'metacarpal1_lvs.vtp'.
[2023-09-14 12:09:47.004] [warning] Couldn't find file 'thumb_proximal_lvs.vtp'.
[2023-09-14 12:09:47.004] [warning] Couldn't find file 'thumb_distal_lvs.vtp'.
[2023-09-14 12:09:47.039] [info] ExternalLoads 'rotated_Sprint_04500001' was renamed and is being reset to 'externalloads'.
[2023-09-14 12:09:47.050] [error] IO.OpenInputFile(const string&,openmode mode): failed to open Sprint_04500001_forces_filt15Hz.mot.
[2023-09-14 12:09:47.050] [error] Failed to read ExternalLoads data file 'Sprint_04500001_forces_filt15Hz.mot'.
[2023-09-14 12:09:58.907] [info] Loaded model optimized_scale_and_markers from file final.osim
[2023-09-14 12:09:58.907] [warning] Couldn't find file 'r_pelvis_raja.vtp'.
[2023-09-14 12:09:58.907] [warning] Couldn't find file 'l_pelvis_raja.vtp'.
[2023-09-14 12:09:58.907] [warning] Couldn't find file 'sacrum.vtp'.
[2023-09-14 12:09:58.907] [warning] Couldn't find file 'r_femur.vtp'.
[2023-09-14 12:09:58.908] [warning] Couldn't find file 'r_tibia.vtp'.
[2023-09-14 12:09:58.908] [warning] Couldn't find file 'r_fibula.vtp'.
[2023-09-14 12:09:58.908] [warning] Couldn't find file 'r_patella.vtp'.
[2023-09-14 12:09:58.908] [warning] Couldn't find file 'r_talus.vtp'.
[2023-09-14 12:09:58.908] [warning] Couldn't find file 'r_foot.vtp'.
[2023-09-14 12:09:58.908] [warning] Couldn't find file 'r_bofoot.vtp'.
[2023-09-14 12:09:58.908] [warning] Couldn't find file 'l_femur.vtp'.
[2023-09-14 12:09:58.908] [warning] Couldn't find file 'l_tibia.vtp'.
[2023-09-14 12:09:58.908] [warning] Couldn't find file 'l_fibula.vtp'.
[2023-09-14 12:09:58.908] [warning] Couldn't find file 'l_pat.vtp'.
[2023-09-14 12:09:58.909] [warning] Couldn't find file 'l_talus.vtp'.
[2023-09-14 12:09:58.909] [warning] Couldn't find file 'l_foot.vtp'.
[2023-09-14 12:09:58.909] [warning] Couldn't find file 'l_bofoot.vtp'.
[2023-09-14 12:09:58.909] [warning] Couldn't find file 'hat_spine.vtp'.
[2023-09-14 12:09:58.909] [warning] Couldn't find file 'hat_jaw.vtp'.
[2023-09-14 12:09:58.909] [warning] Couldn't find file 'hat_skull.vtp'.
[2023-09-14 12:09:58.909] [warning] Couldn't find file 'hat_ribs_scap.vtp'.
[2023-09-14 12:09:58.909] [warning] Couldn't find file 'humerus_rv.vtp'.
[2023-09-14 12:09:58.909] [warning] Couldn't find file 'ulna_rv.vtp'.
[2023-09-14 12:09:58.909] [warning] Couldn't find file 'radius_rv.vtp'.
[2023-09-14 12:09:58.909] [warning] Couldn't find file 'pisiform_rvs.vtp'.
[2023-09-14 12:09:58.910] [warning] Couldn't find file 'lunate_rvs.vtp'.
[2023-09-14 12:09:58.910] [warning] Couldn't find file 'scaphoid_rvs.vtp'.
[2023-09-14 12:09:58.910] [warning] Couldn't find file 'triquetrum_rvs.vtp'.
[2023-09-14 12:09:58.910] [warning] Couldn't find file 'hamate_rvs.vtp'.
[2023-09-14 12:09:58.910] [warning] Couldn't find file 'capitate_rvs.vtp'.
[2023-09-14 12:09:58.910] [warning] Couldn't find file 'trapezoid_rvs.vtp'.
[2023-09-14 12:09:58.910] [warning] Couldn't find file 'trapezium_rvs.vtp'.
[2023-09-14 12:09:58.910] [warning] Couldn't find file 'metacarpal2_rvs.vtp'.
[2023-09-14 12:09:58.910] [warning] Couldn't find file 'index_proximal_rvs.vtp'.
[2023-09-14 12:09:58.911] [warning] Couldn't find file 'index_medial_rvs.vtp'.
[2023-09-14 12:09:58.911] [warning] Couldn't find file 'index_distal_rvs.vtp'.
[2023-09-14 12:09:58.911] [warning] Couldn't find file 'metacarpal3_rvs.vtp'.
[2023-09-14 12:09:58.911] [warning] Couldn't find file 'middle_proximal_rvs.vtp'.
[2023-09-14 12:09:58.911] [warning] Couldn't find file 'middle_medial_rvs.vtp'.
[2023-09-14 12:09:58.911] [warning] Couldn't find file 'middle_distal_rvs.vtp'.
[2023-09-14 12:09:58.911] [warning] Couldn't find file 'metacarpal4_rvs.vtp'.
[2023-09-14 12:09:58.911] [warning] Couldn't find file 'ring_proximal_rvs.vtp'.
[2023-09-14 12:09:58.911] [warning] Couldn't find file 'ring_medial_rvs.vtp'.
[2023-09-14 12:09:58.911] [warning] Couldn't find file 'ring_distal_rvs.vtp'.
[2023-09-14 12:09:58.911] [warning] Couldn't find file 'metacarpal5_rvs.vtp'.
[2023-09-14 12:09:58.912] [warning] Couldn't find file 'little_proximal_rvs.vtp'.
[2023-09-14 12:09:58.912] [warning] Couldn't find file 'little_medial_rvs.vtp'.
[2023-09-14 12:09:58.912] [warning] Couldn't find file 'little_distal_rvs.vtp'.
[2023-09-14 12:09:58.912] [warning] Couldn't find file 'metacarpal1_rvs.vtp'.
[2023-09-14 12:09:58.912] [warning] Couldn't find file 'thumb_proximal_rvs.vtp'.
[2023-09-14 12:09:58.912] [warning] Couldn't find file 'thumb_distal_rvs.vtp'.
[2023-09-14 12:09:58.912] [warning] Couldn't find file 'humerus_lv.vtp'.
[2023-09-14 12:09:58.912] [warning] Couldn't find file 'ulna_lv.vtp'.
[2023-09-14 12:09:58.912] [warning] Couldn't find file 'radius_lv.vtp'.
[2023-09-14 12:09:58.912] [warning] Couldn't find file 'pisiform_lvs.vtp'.
[2023-09-14 12:09:58.912] [warning] Couldn't find file 'lunate_lvs.vtp'.
[2023-09-14 12:09:58.913] [warning] Couldn't find file 'scaphoid_lvs.vtp'.
[2023-09-14 12:09:58.913] [warning] Couldn't find file 'triquetrum_lvs.vtp'.
[2023-09-14 12:09:58.913] [warning] Couldn't find file 'hamate_lvs.vtp'.
[2023-09-14 12:09:58.913] [warning] Couldn't find file 'capitate_lvs.vtp'.
[2023-09-14 12:09:58.913] [warning] Couldn't find file 'trapezoid_lvs.vtp'.
[2023-09-14 12:09:58.913] [warning] Couldn't find file 'trapezium_lvs.vtp'.
[2023-09-14 12:09:58.913] [warning] Couldn't find file 'metacarpal2_lvs.vtp'.
[2023-09-14 12:09:58.913] [warning] Couldn't find file 'index_proximal_lvs.vtp'.
[2023-09-14 12:09:58.913] [warning] Couldn't find file 'index_medial_lvs.vtp'.
[2023-09-14 12:09:58.914] [warning] Couldn't find file 'index_distal_lvs.vtp'.
[2023-09-14 12:09:58.914] [warning] Couldn't find file 'metacarpal3_lvs.vtp'.
[2023-09-14 12:09:58.914] [warning] Couldn't find file 'middle_proximal_lvs.vtp'.
[2023-09-14 12:09:58.914] [warning] Couldn't find file 'middle_medial_lvs.vtp'.
[2023-09-14 12:09:58.914] [warning] Couldn't find file 'middle_distal_lvs.vtp'.
[2023-09-14 12:09:58.914] [warning] Couldn't find file 'metacarpal4_lvs.vtp'.
[2023-09-14 12:09:58.914] [warning] Couldn't find file 'ring_proximal_lvs.vtp'.
[2023-09-14 12:09:58.914] [warning] Couldn't find file 'ring_medial_lvs.vtp'.
[2023-09-14 12:09:58.914] [warning] Couldn't find file 'ring_distal_lvs.vtp'.
[2023-09-14 12:09:58.914] [warning] Couldn't find file 'metacarpal5_lvs.vtp'.
[2023-09-14 12:09:58.914] [warning] Couldn't find file 'little_proximal_lvs.vtp'.
[2023-09-14 12:09:58.915] [warning] Couldn't find file 'little_medial_lvs.vtp'.
[2023-09-14 12:09:58.915] [warning] Couldn't find file 'little_distal_lvs.vtp'.
[2023-09-14 12:09:58.915] [warning] Couldn't find file 'metacarpal1_lvs.vtp'.
[2023-09-14 12:09:58.915] [warning] Couldn't find file 'thumb_proximal_lvs.vtp'.
[2023-09-14 12:09:58.915] [warning] Couldn't find file 'thumb_distal_lvs.vtp'.
[2023-09-14 12:09:58.950] [info] ExternalLoads 'rotated_Sprint_04500001' was renamed and is being reset to 'externalloads'.
[2023-09-14 12:09:58.962] [error] IO.OpenInputFile(const string&,openmode mode): failed to open Sprint_04500001_forces_filt15Hz.mot.
[2023-09-14 12:09:58.962] [error] Failed to read ExternalLoads data file 'Sprint_04500001_forces_filt15Hz.mot'.
[2023-09-14 12:49:05.152] [info] Loaded model optimized_scale_and_markers from file final.osim
[2023-09-14 12:49:05.153] [warning] Couldn't find file 'r_pelvis_raja.vtp'.
[2023-09-14 12:49:05.153] [warning] Couldn't find file 'l_pelvis_raja.vtp'.
[2023-09-14 12:49:05.153] [warning] Couldn't find file 'sacrum.vtp'.
[2023-09-14 12:49:05.153] [warning] Couldn't find file 'r_femur.vtp'.
[2023-09-14 12:49:05.153] [warning] Couldn't find file 'r_tibia.vtp'.
[2023-09-14 12:49:05.153] [warning] Couldn't find file 'r_fibula.vtp'.
[2023-09-14 12:49:05.153] [warning] Couldn't find file 'r_patella.vtp'.
[2023-09-14 12:49:05.153] [warning] Couldn't find file 'r_talus.vtp'.
[2023-09-14 12:49:05.153] [warning] Couldn't find file 'r_foot.vtp'.
[2023-09-14 12:49:05.154] [warning] Couldn't find file 'r_bofoot.vtp'.
[2023-09-14 12:49:05.154] [warning] Couldn't find file 'l_femur.vtp'.
[2023-09-14 12:49:05.154] [warning] Couldn't find file 'l_tibia.vtp'.
[2023-09-14 12:49:05.154] [warning] Couldn't find file 'l_fibula.vtp'.
[2023-09-14 12:49:05.154] [warning] Couldn't find file 'l_pat.vtp'.
[2023-09-14 12:49:05.154] [warning] Couldn't find file 'l_talus.vtp'.
[2023-09-14 12:49:05.154] [warning] Couldn't find file 'l_foot.vtp'.
[2023-09-14 12:49:05.154] [warning] Couldn't find file 'l_bofoot.vtp'.
[2023-09-14 12:49:05.154] [warning] Couldn't find file 'hat_spine.vtp'.
[2023-09-14 12:49:05.154] [warning] Couldn't find file 'hat_jaw.vtp'.
[2023-09-14 12:49:05.154] [warning] Couldn't find file 'hat_skull.vtp'.
[2023-09-14 12:49:05.155] [warning] Couldn't find file 'hat_ribs_scap.vtp'.
[2023-09-14 12:49:05.155] [warning] Couldn't find file 'humerus_rv.vtp'.
[2023-09-14 12:49:05.155] [warning] Couldn't find file 'ulna_rv.vtp'.
[2023-09-14 12:49:05.155] [warning] Couldn't find file 'radius_rv.vtp'.
[2023-09-14 12:49:05.155] [warning] Couldn't find file 'pisiform_rvs.vtp'.
[2023-09-14 12:49:05.155] [warning] Couldn't find file 'lunate_rvs.vtp'.
[2023-09-14 12:49:05.155] [warning] Couldn't find file 'scaphoid_rvs.vtp'.
[2023-09-14 12:49:05.155] [warning] Couldn't find file 'triquetrum_rvs.vtp'.
[2023-09-14 12:49:05.155] [warning] Couldn't find file 'hamate_rvs.vtp'.
[2023-09-14 12:49:05.155] [warning] Couldn't find file 'capitate_rvs.vtp'.
[2023-09-14 12:49:05.156] [warning] Couldn't find file 'trapezoid_rvs.vtp'.
[2023-09-14 12:49:05.156] [warning] Couldn't find file 'trapezium_rvs.vtp'.
[2023-09-14 12:49:05.156] [warning] Couldn't find file 'metacarpal2_rvs.vtp'.
[2023-09-14 12:49:05.156] [warning] Couldn't find file 'index_proximal_rvs.vtp'.
[2023-09-14 12:49:05.156] [warning] Couldn't find file 'index_medial_rvs.vtp'.
[2023-09-14 12:49:05.156] [warning] Couldn't find file 'index_distal_rvs.vtp'.
[2023-09-14 12:49:05.156] [warning] Couldn't find file 'metacarpal3_rvs.vtp'.
[2023-09-14 12:49:05.156] [warning] Couldn't find file 'middle_proximal_rvs.vtp'.
[2023-09-14 12:49:05.156] [warning] Couldn't find file 'middle_medial_rvs.vtp'.
[2023-09-14 12:49:05.156] [warning] Couldn't find file 'middle_distal_rvs.vtp'.
[2023-09-14 12:49:05.156] [warning] Couldn't find file 'metacarpal4_rvs.vtp'.
[2023-09-14 12:49:05.156] [warning] Couldn't find file 'ring_proximal_rvs.vtp'.
[2023-09-14 12:49:05.157] [warning] Couldn't find file 'ring_medial_rvs.vtp'.
[2023-09-14 12:49:05.157] [warning] Couldn't find file 'ring_distal_rvs.vtp'.
[2023-09-14 12:49:05.157] [warning] Couldn't find file 'metacarpal5_rvs.vtp'.
[2023-09-14 12:49:05.157] [warning] Couldn't find file 'little_proximal_rvs.vtp'.
[2023-09-14 12:49:05.157] [warning] Couldn't find file 'little_medial_rvs.vtp'.
[2023-09-14 12:49:05.157] [warning] Couldn't find file 'little_distal_rvs.vtp'.
[2023-09-14 12:49:05.157] [warning] Couldn't find file 'metacarpal1_rvs.vtp'.
[2023-09-14 12:49:05.157] [warning] Couldn't find file 'thumb_proximal_rvs.vtp'.
[2023-09-14 12:49:05.157] [warning] Couldn't find file 'thumb_distal_rvs.vtp'.
[2023-09-14 12:49:05.157] [warning] Couldn't find file 'humerus_lv.vtp'.
[2023-09-14 12:49:05.157] [warning] Couldn't find file 'ulna_lv.vtp'.
[2023-09-14 12:49:05.158] [warning] Couldn't find file 'radius_lv.vtp'.
[2023-09-14 12:49:05.158] [warning] Couldn't find file 'pisiform_lvs.vtp'.
[2023-09-14 12:49:05.158] [warning] Couldn't find file 'lunate_lvs.vtp'.
[2023-09-14 12:49:05.158] [warning] Couldn't find file 'scaphoid_lvs.vtp'.
[2023-09-14 12:49:05.158] [warning] Couldn't find file 'triquetrum_lvs.vtp'.
[2023-09-14 12:49:05.158] [warning] Couldn't find file 'hamate_lvs.vtp'.
[2023-09-14 12:49:05.158] [warning] Couldn't find file 'capitate_lvs.vtp'.
[2023-09-14 12:49:05.158] [warning] Couldn't find file 'trapezoid_lvs.vtp'.
[2023-09-14 12:49:05.158] [warning] Couldn't find file 'trapezium_lvs.vtp'.
[2023-09-14 12:49:05.158] [warning] Couldn't find file 'metacarpal2_lvs.vtp'.
[2023-09-14 12:49:05.158] [warning] Couldn't find file 'index_proximal_lvs.vtp'.
[2023-09-14 12:49:05.159] [warning] Couldn't find file 'index_medial_lvs.vtp'.
[2023-09-14 12:49:05.159] [warning] Couldn't find file 'index_distal_lvs.vtp'.
[2023-09-14 12:49:05.159] [warning] Couldn't find file 'metacarpal3_lvs.vtp'.
[2023-09-14 12:49:05.159] [warning] Couldn't find file 'middle_proximal_lvs.vtp'.
[2023-09-14 12:49:05.159] [warning] Couldn't find file 'middle_medial_lvs.vtp'.
[2023-09-14 12:49:05.159] [warning] Couldn't find file 'middle_distal_lvs.vtp'.
[2023-09-14 12:49:05.159] [warning] Couldn't find file 'metacarpal4_lvs.vtp'.
[2023-09-14 12:49:05.159] [warning] Couldn't find file 'ring_proximal_lvs.vtp'.
[2023-09-14 12:49:05.159] [warning] Couldn't find file 'ring_medial_lvs.vtp'.
[2023-09-14 12:49:05.159] [warning] Couldn't find file 'ring_distal_lvs.vtp'.
[2023-09-14 12:49:05.159] [warning] Couldn't find file 'metacarpal5_lvs.vtp'.
[2023-09-14 12:49:05.160] [warning] Couldn't find file 'little_proximal_lvs.vtp'.
[2023-09-14 12:49:05.160] [warning] Couldn't find file 'little_medial_lvs.vtp'.
[2023-09-14 12:49:05.160] [warning] Couldn't find file 'little_distal_lvs.vtp'.
[2023-09-14 12:49:05.160] [warning] Couldn't find file 'metacarpal1_lvs.vtp'.
[2023-09-14 12:49:05.160] [warning] Couldn't find file 'thumb_proximal_lvs.vtp'.
[2023-09-14 12:49:05.160] [warning] Couldn't find file 'thumb_distal_lvs.vtp'.
[2023-09-14 12:49:05.196] [info] ExternalLoads 'rotated_Sprint_04500001' was renamed and is being reset to 'externalloads'.
[2023-09-14 12:49:05.209] [error] IO.OpenInputFile(const string&,openmode mode): failed to open Sprint_04500001_forces_filt15Hz.mot.
[2023-09-14 12:49:05.209] [error] Failed to read ExternalLoads data file 'Sprint_04500001_forces_filt15Hz.mot'.
[2023-09-14 12:49:19.698] [info] Loaded model optimized_scale_and_markers from file final.osim
[2023-09-14 12:49:19.699] [warning] Couldn't find file 'r_pelvis_raja.vtp'.
[2023-09-14 12:49:19.699] [warning] Couldn't find file 'l_pelvis_raja.vtp'.
[2023-09-14 12:49:19.699] [warning] Couldn't find file 'sacrum.vtp'.
[2023-09-14 12:49:19.699] [warning] Couldn't find file 'r_femur.vtp'.
[2023-09-14 12:49:19.700] [warning] Couldn't find file 'r_tibia.vtp'.
[2023-09-14 12:49:19.700] [warning] Couldn't find file 'r_fibula.vtp'.
[2023-09-14 12:49:19.700] [warning] Couldn't find file 'r_patella.vtp'.
[2023-09-14 12:49:19.700] [warning] Couldn't find file 'r_talus.vtp'.
[2023-09-14 12:49:19.700] [warning] Couldn't find file 'r_foot.vtp'.
[2023-09-14 12:49:19.700] [warning] Couldn't find file 'r_bofoot.vtp'.
[2023-09-14 12:49:19.700] [warning] Couldn't find file 'l_femur.vtp'.
[2023-09-14 12:49:19.700] [warning] Couldn't find file 'l_tibia.vtp'.
[2023-09-14 12:49:19.700] [warning] Couldn't find file 'l_fibula.vtp'.
[2023-09-14 12:49:19.700] [warning] Couldn't find file 'l_pat.vtp'.
[2023-09-14 12:49:19.700] [warning] Couldn't find file 'l_talus.vtp'.
[2023-09-14 12:49:19.701] [warning] Couldn't find file 'l_foot.vtp'.
[2023-09-14 12:49:19.701] [warning] Couldn't find file 'l_bofoot.vtp'.
[2023-09-14 12:49:19.701] [warning] Couldn't find file 'hat_spine.vtp'.
[2023-09-14 12:49:19.701] [warning] Couldn't find file 'hat_jaw.vtp'.
[2023-09-14 12:49:19.701] [warning] Couldn't find file 'hat_skull.vtp'.
[2023-09-14 12:49:19.701] [warning] Couldn't find file 'hat_ribs_scap.vtp'.
[2023-09-14 12:49:19.701] [warning] Couldn't find file 'humerus_rv.vtp'.
[2023-09-14 12:49:19.701] [warning] Couldn't find file 'ulna_rv.vtp'.
[2023-09-14 12:49:19.701] [warning] Couldn't find file 'radius_rv.vtp'.
[2023-09-14 12:49:19.701] [warning] Couldn't find file 'pisiform_rvs.vtp'.
[2023-09-14 12:49:19.701] [warning] Couldn't find file 'lunate_rvs.vtp'.
[2023-09-14 12:49:19.702] [warning] Couldn't find file 'scaphoid_rvs.vtp'.
[2023-09-14 12:49:19.702] [warning] Couldn't find file 'triquetrum_rvs.vtp'.
[2023-09-14 12:49:19.702] [warning] Couldn't find file 'hamate_rvs.vtp'.
[2023-09-14 12:49:19.702] [warning] Couldn't find file 'capitate_rvs.vtp'.
[2023-09-14 12:49:19.702] [warning] Couldn't find file 'trapezoid_rvs.vtp'.
[2023-09-14 12:49:19.702] [warning] Couldn't find file 'trapezium_rvs.vtp'.
[2023-09-14 12:49:19.702] [warning] Couldn't find file 'metacarpal2_rvs.vtp'.
[2023-09-14 12:49:19.702] [warning] Couldn't find file 'index_proximal_rvs.vtp'.
[2023-09-14 12:49:19.702] [warning] Couldn't find file 'index_medial_rvs.vtp'.
[2023-09-14 12:49:19.702] [warning] Couldn't find file 'index_distal_rvs.vtp'.
[2023-09-14 12:49:19.702] [warning] Couldn't find file 'metacarpal3_rvs.vtp'.
[2023-09-14 12:49:19.702] [warning] Couldn't find file 'middle_proximal_rvs.vtp'.
[2023-09-14 12:49:19.703] [warning] Couldn't find file 'middle_medial_rvs.vtp'.
[2023-09-14 12:49:19.703] [warning] Couldn't find file 'middle_distal_rvs.vtp'.
[2023-09-14 12:49:19.703] [warning] Couldn't find file 'metacarpal4_rvs.vtp'.
[2023-09-14 12:49:19.703] [warning] Couldn't find file 'ring_proximal_rvs.vtp'.
[2023-09-14 12:49:19.703] [warning] Couldn't find file 'ring_medial_rvs.vtp'.
[2023-09-14 12:49:19.703] [warning] Couldn't find file 'ring_distal_rvs.vtp'.
[2023-09-14 12:49:19.703] [warning] Couldn't find file 'metacarpal5_rvs.vtp'.
[2023-09-14 12:49:19.703] [warning] Couldn't find file 'little_proximal_rvs.vtp'.
[2023-09-14 12:49:19.703] [warning] Couldn't find file 'little_medial_rvs.vtp'.
[2023-09-14 12:49:19.703] [warning] Couldn't find file 'little_distal_rvs.vtp'.
[2023-09-14 12:49:19.703] [warning] Couldn't find file 'metacarpal1_rvs.vtp'.
[2023-09-14 12:49:19.704] [warning] Couldn't find file 'thumb_proximal_rvs.vtp'.
[2023-09-14 12:49:19.704] [warning] Couldn't find file 'thumb_distal_rvs.vtp'.
[2023-09-14 12:49:19.704] [warning] Couldn't find file 'humerus_lv.vtp'.
[2023-09-14 12:49:19.704] [warning] Couldn't find file 'ulna_lv.vtp'.
[2023-09-14 12:49:19.704] [warning] Couldn't find file 'radius_lv.vtp'.
[2023-09-14 12:49:19.704] [warning] Couldn't find file 'pisiform_lvs.vtp'.
[2023-09-14 12:49:19.704] [warning] Couldn't find file 'lunate_lvs.vtp'.
[2023-09-14 12:49:19.704] [warning] Couldn't find file 'scaphoid_lvs.vtp'.
[2023-09-14 12:49:19.704] [warning] Couldn't find file 'triquetrum_lvs.vtp'.
[2023-09-14 12:49:19.704] [warning] Couldn't find file 'hamate_lvs.vtp'.
[2023-09-14 12:49:19.704] [warning] Couldn't find file 'capitate_lvs.vtp'.
[2023-09-14 12:49:19.704] [warning] Couldn't find file 'trapezoid_lvs.vtp'.
[2023-09-14 12:49:19.705] [warning] Couldn't find file 'trapezium_lvs.vtp'.
[2023-09-14 12:49:19.705] [warning] Couldn't find file 'metacarpal2_lvs.vtp'.
[2023-09-14 12:49:19.705] [warning] Couldn't find file 'index_proximal_lvs.vtp'.
[2023-09-14 12:49:19.705] [warning] Couldn't find file 'index_medial_lvs.vtp'.
[2023-09-14 12:49:19.705] [warning] Couldn't find file 'index_distal_lvs.vtp'.
[2023-09-14 12:49:19.705] [warning] Couldn't find file 'metacarpal3_lvs.vtp'.
[2023-09-14 12:49:19.705] [warning] Couldn't find file 'middle_proximal_lvs.vtp'.
[2023-09-14 12:49:19.705] [warning] Couldn't find file 'middle_medial_lvs.vtp'.
[2023-09-14 12:49:19.705] [warning] Couldn't find file 'middle_distal_lvs.vtp'.
[2023-09-14 12:49:19.705] [warning] Couldn't find file 'metacarpal4_lvs.vtp'.
[2023-09-14 12:49:19.705] [warning] Couldn't find file 'ring_proximal_lvs.vtp'.
[2023-09-14 12:49:19.706] [warning] Couldn't find file 'ring_medial_lvs.vtp'.
[2023-09-14 12:49:19.706] [warning] Couldn't find file 'ring_distal_lvs.vtp'.
[2023-09-14 12:49:19.706] [warning] Couldn't find file 'metacarpal5_lvs.vtp'.
[2023-09-14 12:49:19.706] [warning] Couldn't find file 'little_proximal_lvs.vtp'.
[2023-09-14 12:49:19.706] [warning] Couldn't find file 'little_medial_lvs.vtp'.
[2023-09-14 12:49:19.706] [warning] Couldn't find file 'little_distal_lvs.vtp'.
[2023-09-14 12:49:19.706] [warning] Couldn't find file 'metacarpal1_lvs.vtp'.
[2023-09-14 12:49:19.706] [warning] Couldn't find file 'thumb_proximal_lvs.vtp'.
[2023-09-14 12:49:19.706] [warning] Couldn't find file 'thumb_distal_lvs.vtp'.
[2023-09-14 12:49:19.741] [info] ExternalLoads 'rotated_Sprint_04500001' was renamed and is being reset to 'externalloads'.
[2023-09-14 12:49:19.753] [error] IO.OpenInputFile(const string&,openmode mode): failed to open Sprint_04500001_forces_filt15Hz.mot.
[2023-09-14 12:49:19.753] [error] Failed to read ExternalLoads data file 'Sprint_04500001_forces_filt15Hz.mot'.
[2023-09-14 12:55:33.291] [info] Loaded model optimized_scale_and_markers from file final.osim
[2023-09-14 12:55:33.291] [warning] Couldn't find file 'r_pelvis_raja.vtp'.
[2023-09-14 12:55:33.292] [warning] Couldn't find file 'l_pelvis_raja.vtp'.
[2023-09-14 12:55:33.292] [warning] Couldn't find file 'sacrum.vtp'.
[2023-09-14 12:55:33.292] [warning] Couldn't find file 'r_femur.vtp'.
[2023-09-14 12:55:33.292] [warning] Couldn't find file 'r_tibia.vtp'.
[2023-09-14 12:55:33.292] [warning] Couldn't find file 'r_fibula.vtp'.
[2023-09-14 12:55:33.292] [warning] Couldn't find file 'r_patella.vtp'.
[2023-09-14 12:55:33.292] [warning] Couldn't find file 'r_talus.vtp'.
[2023-09-14 12:55:33.292] [warning] Couldn't find file 'r_foot.vtp'.
[2023-09-14 12:55:33.292] [warning] Couldn't find file 'r_bofoot.vtp'.
[2023-09-14 12:55:33.293] [warning] Couldn't find file 'l_femur.vtp'.
[2023-09-14 12:55:33.293] [warning] Couldn't find file 'l_tibia.vtp'.
[2023-09-14 12:55:33.293] [warning] Couldn't find file 'l_fibula.vtp'.
[2023-09-14 12:55:33.293] [warning] Couldn't find file 'l_pat.vtp'.
[2023-09-14 12:55:33.293] [warning] Couldn't find file 'l_talus.vtp'.
[2023-09-14 12:55:33.293] [warning] Couldn't find file 'l_foot.vtp'.
[2023-09-14 12:55:33.293] [warning] Couldn't find file 'l_bofoot.vtp'.
[2023-09-14 12:55:33.293] [warning] Couldn't find file 'hat_spine.vtp'.
[2023-09-14 12:55:33.293] [warning] Couldn't find file 'hat_jaw.vtp'.
[2023-09-14 12:55:33.293] [warning] Couldn't find file 'hat_skull.vtp'.
[2023-09-14 12:55:33.293] [warning] Couldn't find file 'hat_ribs_scap.vtp'.
[2023-09-14 12:55:33.294] [warning] Couldn't find file 'humerus_rv.vtp'.
[2023-09-14 12:55:33.294] [warning] Couldn't find file 'ulna_rv.vtp'.
[2023-09-14 12:55:33.294] [warning] Couldn't find file 'radius_rv.vtp'.
[2023-09-14 12:55:33.294] [warning] Couldn't find file 'pisiform_rvs.vtp'.
[2023-09-14 12:55:33.294] [warning] Couldn't find file 'lunate_rvs.vtp'.
[2023-09-14 12:55:33.294] [warning] Couldn't find file 'scaphoid_rvs.vtp'.
[2023-09-14 12:55:33.294] [warning] Couldn't find file 'triquetrum_rvs.vtp'.
[2023-09-14 12:55:33.294] [warning] Couldn't find file 'hamate_rvs.vtp'.
[2023-09-14 12:55:33.294] [warning] Couldn't find file 'capitate_rvs.vtp'.
[2023-09-14 12:55:33.294] [warning] Couldn't find file 'trapezoid_rvs.vtp'.
[2023-09-14 12:55:33.294] [warning] Couldn't find file 'trapezium_rvs.vtp'.
[2023-09-14 12:55:33.295] [warning] Couldn't find file 'metacarpal2_rvs.vtp'.
[2023-09-14 12:55:33.295] [warning] Couldn't find file 'index_proximal_rvs.vtp'.
[2023-09-14 12:55:33.295] [warning] Couldn't find file 'index_medial_rvs.vtp'.
[2023-09-14 12:55:33.295] [warning] Couldn't find file 'index_distal_rvs.vtp'.
[2023-09-14 12:55:33.295] [warning] Couldn't find file 'metacarpal3_rvs.vtp'.
[2023-09-14 12:55:33.295] [warning] Couldn't find file 'middle_proximal_rvs.vtp'.
[2023-09-14 12:55:33.295] [warning] Couldn't find file 'middle_medial_rvs.vtp'.
[2023-09-14 12:55:33.295] [warning] Couldn't find file 'middle_distal_rvs.vtp'.
[2023-09-14 12:55:33.295] [warning] Couldn't find file 'metacarpal4_rvs.vtp'.
[2023-09-14 12:55:33.295] [warning] Couldn't find file 'ring_proximal_rvs.vtp'.
[2023-09-14 12:55:33.296] [warning] Couldn't find file 'ring_medial_rvs.vtp'.
[2023-09-14 12:55:33.296] [warning] Couldn't find file 'ring_distal_rvs.vtp'.
[2023-09-14 12:55:33.296] [warning] Couldn't find file 'metacarpal5_rvs.vtp'.
[2023-09-14 12:55:33.296] [warning] Couldn't find file 'little_proximal_rvs.vtp'.
[2023-09-14 12:55:33.296] [warning] Couldn't find file 'little_medial_rvs.vtp'.
[2023-09-14 12:55:33.296] [warning] Couldn't find file 'little_distal_rvs.vtp'.
[2023-09-14 12:55:33.296] [warning] Couldn't find file 'metacarpal1_rvs.vtp'.
[2023-09-14 12:55:33.296] [warning] Couldn't find file 'thumb_proximal_rvs.vtp'.
[2023-09-14 12:55:33.296] [warning] Couldn't find file 'thumb_distal_rvs.vtp'.
[2023-09-14 12:55:33.296] [warning] Couldn't find file 'humerus_lv.vtp'.
[2023-09-14 12:55:33.296] [warning] Couldn't find file 'ulna_lv.vtp'.
[2023-09-14 12:55:33.296] [warning] Couldn't find file 'radius_lv.vtp'.
[2023-09-14 12:55:33.297] [warning] Couldn't find file 'pisiform_lvs.vtp'.
[2023-09-14 12:55:33.297] [warning] Couldn't find file 'lunate_lvs.vtp'.
[2023-09-14 12:55:33.297] [warning] Couldn't find file 'scaphoid_lvs.vtp'.
[2023-09-14 12:55:33.297] [warning] Couldn't find file 'triquetrum_lvs.vtp'.
[2023-09-14 12:55:33.297] [warning] Couldn't find file 'hamate_lvs.vtp'.
[2023-09-14 12:55:33.297] [warning] Couldn't find file 'capitate_lvs.vtp'.
[2023-09-14 12:55:33.297] [warning] Couldn't find file 'trapezoid_lvs.vtp'.
[2023-09-14 12:55:33.297] [warning] Couldn't find file 'trapezium_lvs.vtp'.
[2023-09-14 12:55:33.298] [warning] Couldn't find file 'metacarpal2_lvs.vtp'.
[2023-09-14 12:55:33.298] [warning] Couldn't find file 'index_proximal_lvs.vtp'.
[2023-09-14 12:55:33.298] [warning] Couldn't find file 'index_medial_lvs.vtp'.
[2023-09-14 12:55:33.298] [warning] Couldn't find file 'index_distal_lvs.vtp'.
[2023-09-14 12:55:33.298] [warning] Couldn't find file 'metacarpal3_lvs.vtp'.
[2023-09-14 12:55:33.298] [warning] Couldn't find file 'middle_proximal_lvs.vtp'.
[2023-09-14 12:55:33.298] [warning] Couldn't find file 'middle_medial_lvs.vtp'.
[2023-09-14 12:55:33.298] [warning] Couldn't find file 'middle_distal_lvs.vtp'.
[2023-09-14 12:55:33.298] [warning] Couldn't find file 'metacarpal4_lvs.vtp'.
[2023-09-14 12:55:33.298] [warning] Couldn't find file 'ring_proximal_lvs.vtp'.
[2023-09-14 12:55:33.298] [warning] Couldn't find file 'ring_medial_lvs.vtp'.
[2023-09-14 12:55:33.299] [warning] Couldn't find file 'ring_distal_lvs.vtp'.
[2023-09-14 12:55:33.299] [warning] Couldn't find file 'metacarpal5_lvs.vtp'.
[2023-09-14 12:55:33.299] [warning] Couldn't find file 'little_proximal_lvs.vtp'.
[2023-09-14 12:55:33.299] [warning] Couldn't find file 'little_medial_lvs.vtp'.
[2023-09-14 12:55:33.299] [warning] Couldn't find file 'little_distal_lvs.vtp'.
[2023-09-14 12:55:33.299] [warning] Couldn't find file 'metacarpal1_lvs.vtp'.
[2023-09-14 12:55:33.299] [warning] Couldn't find file 'thumb_proximal_lvs.vtp'.
[2023-09-14 12:55:33.299] [warning] Couldn't find file 'thumb_distal_lvs.vtp'.
[2023-09-14 12:55:33.336] [info] ExternalLoads 'rotated_Sprint_04500001' was renamed and is being reset to 'externalloads'.
[2023-09-14 12:55:33.350] [error] IO.OpenInputFile(const string&,openmode mode): failed to open Sprint_04500001_forces_filt15Hz.mot.
[2023-09-14 12:55:33.350] [error] Failed to read ExternalLoads data file 'Sprint_04500001_forces_filt15Hz.mot'.
[2023-09-14 12:56:35.926] [info] Loaded model optimized_scale_and_markers from file final.osim
[2023-09-14 12:56:35.926] [warning] Couldn't find file 'r_pelvis_raja.vtp'.
[2023-09-14 12:56:35.926] [warning] Couldn't find file 'l_pelvis_raja.vtp'.
[2023-09-14 12:56:35.926] [warning] Couldn't find file 'sacrum.vtp'.
[2023-09-14 12:56:35.926] [warning] Couldn't find file 'r_femur.vtp'.
[2023-09-14 12:56:35.927] [warning] Couldn't find file 'r_tibia.vtp'.
[2023-09-14 12:56:35.927] [warning] Couldn't find file 'r_fibula.vtp'.
[2023-09-14 12:56:35.927] [warning] Couldn't find file 'r_patella.vtp'.
[2023-09-14 12:56:35.927] [warning] Couldn't find file 'r_talus.vtp'.
[2023-09-14 12:56:35.927] [warning] Couldn't find file 'r_foot.vtp'.
[2023-09-14 12:56:35.927] [warning] Couldn't find file 'r_bofoot.vtp'.
[2023-09-14 12:56:35.927] [warning] Couldn't find file 'l_femur.vtp'.
[2023-09-14 12:56:35.927] [warning] Couldn't find file 'l_tibia.vtp'.
[2023-09-14 12:56:35.927] [warning] Couldn't find file 'l_fibula.vtp'.
[2023-09-14 12:56:35.928] [warning] Couldn't find file 'l_pat.vtp'.
[2023-09-14 12:56:35.928] [warning] Couldn't find file 'l_talus.vtp'.
[2023-09-14 12:56:35.928] [warning] Couldn't find file 'l_foot.vtp'.
[2023-09-14 12:56:35.928] [warning] Couldn't find file 'l_bofoot.vtp'.
[2023-09-14 12:56:35.928] [warning] Couldn't find file 'hat_spine.vtp'.
[2023-09-14 12:56:35.928] [warning] Couldn't find file 'hat_jaw.vtp'.
[2023-09-14 12:56:35.928] [warning] Couldn't find file 'hat_skull.vtp'.
[2023-09-14 12:56:35.929] [warning] Couldn't find file 'hat_ribs_scap.vtp'.
[2023-09-14 12:56:35.929] [warning] Couldn't find file 'humerus_rv.vtp'.
[2023-09-14 12:56:35.929] [warning] Couldn't find file 'ulna_rv.vtp'.
[2023-09-14 12:56:35.929] [warning] Couldn't find file 'radius_rv.vtp'.
[2023-09-14 12:56:35.929] [warning] Couldn't find file 'pisiform_rvs.vtp'.
[2023-09-14 12:56:35.929] [warning] Couldn't find file 'lunate_rvs.vtp'.
[2023-09-14 12:56:35.929] [warning] Couldn't find file 'scaphoid_rvs.vtp'.
[2023-09-14 12:56:35.929] [warning] Couldn't find file 'triquetrum_rvs.vtp'.
[2023-09-14 12:56:35.930] [warning] Couldn't find file 'hamate_rvs.vtp'.
[2023-09-14 12:56:35.930] [warning] Couldn't find file 'capitate_rvs.vtp'.
[2023-09-14 12:56:35.930] [warning] Couldn't find file 'trapezoid_rvs.vtp'.
[2023-09-14 12:56:35.930] [warning] Couldn't find file 'trapezium_rvs.vtp'.
[2023-09-14 12:56:35.930] [warning] Couldn't find file 'metacarpal2_rvs.vtp'.
[2023-09-14 12:56:35.930] [warning] Couldn't find file 'index_proximal_rvs.vtp'.
[2023-09-14 12:56:35.930] [warning] Couldn't find file 'index_medial_rvs.vtp'.
[2023-09-14 12:56:35.930] [warning] Couldn't find file 'index_distal_rvs.vtp'.
[2023-09-14 12:56:35.930] [warning] Couldn't find file 'metacarpal3_rvs.vtp'.
[2023-09-14 12:56:35.930] [warning] Couldn't find file 'middle_proximal_rvs.vtp'.
[2023-09-14 12:56:35.930] [warning] Couldn't find file 'middle_medial_rvs.vtp'.
[2023-09-14 12:56:35.930] [warning] Couldn't find file 'middle_distal_rvs.vtp'.
[2023-09-14 12:56:35.931] [warning] Couldn't find file 'metacarpal4_rvs.vtp'.
[2023-09-14 12:56:35.931] [warning] Couldn't find file 'ring_proximal_rvs.vtp'.
[2023-09-14 12:56:35.931] [warning] Couldn't find file 'ring_medial_rvs.vtp'.
[2023-09-14 12:56:35.931] [warning] Couldn't find file 'ring_distal_rvs.vtp'.
[2023-09-14 12:56:35.931] [warning] Couldn't find file 'metacarpal5_rvs.vtp'.
[2023-09-14 12:56:35.931] [warning] Couldn't find file 'little_proximal_rvs.vtp'.
[2023-09-14 12:56:35.931] [warning] Couldn't find file 'little_medial_rvs.vtp'.
[2023-09-14 12:56:35.931] [warning] Couldn't find file 'little_distal_rvs.vtp'.
[2023-09-14 12:56:35.931] [warning] Couldn't find file 'metacarpal1_rvs.vtp'.
[2023-09-14 12:56:35.931] [warning] Couldn't find file 'thumb_proximal_rvs.vtp'.
[2023-09-14 12:56:35.931] [warning] Couldn't find file 'thumb_distal_rvs.vtp'.
[2023-09-14 12:56:35.932] [warning] Couldn't find file 'humerus_lv.vtp'.
[2023-09-14 12:56:35.932] [warning] Couldn't find file 'ulna_lv.vtp'.
[2023-09-14 12:56:35.932] [warning] Couldn't find file 'radius_lv.vtp'.
[2023-09-14 12:56:35.932] [warning] Couldn't find file 'pisiform_lvs.vtp'.
[2023-09-14 12:56:35.932] [warning] Couldn't find file 'lunate_lvs.vtp'.
[2023-09-14 12:56:35.932] [warning] Couldn't find file 'scaphoid_lvs.vtp'.
[2023-09-14 12:56:35.932] [warning] Couldn't find file 'triquetrum_lvs.vtp'.
[2023-09-14 12:56:35.932] [warning] Couldn't find file 'hamate_lvs.vtp'.
[2023-09-14 12:56:35.932] [warning] Couldn't find file 'capitate_lvs.vtp'.
[2023-09-14 12:56:35.932] [warning] Couldn't find file 'trapezoid_lvs.vtp'.
[2023-09-14 12:56:35.932] [warning] Couldn't find file 'trapezium_lvs.vtp'.
[2023-09-14 12:56:35.932] [warning] Couldn't find file 'metacarpal2_lvs.vtp'.
[2023-09-14 12:56:35.933] [warning] Couldn't find file 'index_proximal_lvs.vtp'.
[2023-09-14 12:56:35.933] [warning] Couldn't find file 'index_medial_lvs.vtp'.
[2023-09-14 12:56:35.933] [warning] Couldn't find file 'index_distal_lvs.vtp'.
[2023-09-14 12:56:35.933] [warning] Couldn't find file 'metacarpal3_lvs.vtp'.
[2023-09-14 12:56:35.933] [warning] Couldn't find file 'middle_proximal_lvs.vtp'.
[2023-09-14 12:56:35.933] [warning] Couldn't find file 'middle_medial_lvs.vtp'.
[2023-09-14 12:56:35.933] [warning] Couldn't find file 'middle_distal_lvs.vtp'.
[2023-09-14 12:56:35.933] [warning] Couldn't find file 'metacarpal4_lvs.vtp'.
[2023-09-14 12:56:35.933] [warning] Couldn't find file 'ring_proximal_lvs.vtp'.
[2023-09-14 12:56:35.933] [warning] Couldn't find file 'ring_medial_lvs.vtp'.
[2023-09-14 12:56:35.933] [warning] Couldn't find file 'ring_distal_lvs.vtp'.
[2023-09-14 12:56:35.934] [warning] Couldn't find file 'metacarpal5_lvs.vtp'.
[2023-09-14 12:56:35.934] [warning] Couldn't find file 'little_proximal_lvs.vtp'.
[2023-09-14 12:56:35.934] [warning] Couldn't find file 'little_medial_lvs.vtp'.
[2023-09-14 12:56:35.934] [warning] Couldn't find file 'little_distal_lvs.vtp'.
[2023-09-14 12:56:35.934] [warning] Couldn't find file 'metacarpal1_lvs.vtp'.
[2023-09-14 12:56:35.934] [warning] Couldn't find file 'thumb_proximal_lvs.vtp'.
[2023-09-14 12:56:35.934] [warning] Couldn't find file 'thumb_distal_lvs.vtp'.
[2023-09-14 12:56:35.968] [info] ExternalLoads 'rotated_Sprint_04500001' was renamed and is being reset to 'externalloads'.
[2023-09-14 12:56:35.979] [error] IO.OpenInputFile(const string&,openmode mode): failed to open Sprint_04500001_forces_filt15Hz.mot.
[2023-09-14 12:56:35.979] [error] Failed to read ExternalLoads data file 'Sprint_04500001_forces_filt15Hz.mot'.
[2023-09-14 12:56:46.770] [info] Loaded model optimized_scale_and_markers from file final.osim
[2023-09-14 12:56:46.771] [warning] Couldn't find file 'r_pelvis_raja.vtp'.
[2023-09-14 12:56:46.771] [warning] Couldn't find file 'l_pelvis_raja.vtp'.
[2023-09-14 12:56:46.771] [warning] Couldn't find file 'sacrum.vtp'.
[2023-09-14 12:56:46.771] [warning] Couldn't find file 'r_femur.vtp'.
[2023-09-14 12:56:46.772] [warning] Couldn't find file 'r_tibia.vtp'.
[2023-09-14 12:56:46.772] [warning] Couldn't find file 'r_fibula.vtp'.
[2023-09-14 12:56:46.772] [warning] Couldn't find file 'r_patella.vtp'.
[2023-09-14 12:56:46.772] [warning] Couldn't find file 'r_talus.vtp'.
[2023-09-14 12:56:46.772] [warning] Couldn't find file 'r_foot.vtp'.
[2023-09-14 12:56:46.772] [warning] Couldn't find file 'r_bofoot.vtp'.
[2023-09-14 12:56:46.772] [warning] Couldn't find file 'l_femur.vtp'.
[2023-09-14 12:56:46.772] [warning] Couldn't find file 'l_tibia.vtp'.
[2023-09-14 12:56:46.772] [warning] Couldn't find file 'l_fibula.vtp'.
[2023-09-14 12:56:46.772] [warning] Couldn't find file 'l_pat.vtp'.
[2023-09-14 12:56:46.772] [warning] Couldn't find file 'l_talus.vtp'.
[2023-09-14 12:56:46.773] [warning] Couldn't find file 'l_foot.vtp'.
[2023-09-14 12:56:46.773] [warning] Couldn't find file 'l_bofoot.vtp'.
[2023-09-14 12:56:46.773] [warning] Couldn't find file 'hat_spine.vtp'.
[2023-09-14 12:56:46.773] [warning] Couldn't find file 'hat_jaw.vtp'.
[2023-09-14 12:56:46.773] [warning] Couldn't find file 'hat_skull.vtp'.
[2023-09-14 12:56:46.773] [warning] Couldn't find file 'hat_ribs_scap.vtp'.
[2023-09-14 12:56:46.773] [warning] Couldn't find file 'humerus_rv.vtp'.
[2023-09-14 12:56:46.773] [warning] Couldn't find file 'ulna_rv.vtp'.
[2023-09-14 12:56:46.773] [warning] Couldn't find file 'radius_rv.vtp'.
[2023-09-14 12:56:46.773] [warning] Couldn't find file 'pisiform_rvs.vtp'.
[2023-09-14 12:56:46.773] [warning] Couldn't find file 'lunate_rvs.vtp'.
[2023-09-14 12:56:46.774] [warning] Couldn't find file 'scaphoid_rvs.vtp'.
[2023-09-14 12:56:46.774] [warning] Couldn't find file 'triquetrum_rvs.vtp'.
[2023-09-14 12:56:46.774] [warning] Couldn't find file 'hamate_rvs.vtp'.
[2023-09-14 12:56:46.774] [warning] Couldn't find file 'capitate_rvs.vtp'.
[2023-09-14 12:56:46.774] [warning] Couldn't find file 'trapezoid_rvs.vtp'.
[2023-09-14 12:56:46.774] [warning] Couldn't find file 'trapezium_rvs.vtp'.
[2023-09-14 12:56:46.774] [warning] Couldn't find file 'metacarpal2_rvs.vtp'.
[2023-09-14 12:56:46.774] [warning] Couldn't find file 'index_proximal_rvs.vtp'.
[2023-09-14 12:56:46.774] [warning] Couldn't find file 'index_medial_rvs.vtp'.
[2023-09-14 12:56:46.774] [warning] Couldn't find file 'index_distal_rvs.vtp'.
[2023-09-14 12:56:46.774] [warning] Couldn't find file 'metacarpal3_rvs.vtp'.
[2023-09-14 12:56:46.775] [warning] Couldn't find file 'middle_proximal_rvs.vtp'.
[2023-09-14 12:56:46.775] [warning] Couldn't find file 'middle_medial_rvs.vtp'.
[2023-09-14 12:56:46.775] [warning] Couldn't find file 'middle_distal_rvs.vtp'.
[2023-09-14 12:56:46.775] [warning] Couldn't find file 'metacarpal4_rvs.vtp'.
[2023-09-14 12:56:46.775] [warning] Couldn't find file 'ring_proximal_rvs.vtp'.
[2023-09-14 12:56:46.775] [warning] Couldn't find file 'ring_medial_rvs.vtp'.
[2023-09-14 12:56:46.775] [warning] Couldn't find file 'ring_distal_rvs.vtp'.
[2023-09-14 12:56:46.775] [warning] Couldn't find file 'metacarpal5_rvs.vtp'.
[2023-09-14 12:56:46.775] [warning] Couldn't find file 'little_proximal_rvs.vtp'.
[2023-09-14 12:56:46.775] [warning] Couldn't find file 'little_medial_rvs.vtp'.
[2023-09-14 12:56:46.775] [warning] Couldn't find file 'little_distal_rvs.vtp'.
[2023-09-14 12:56:46.776] [warning] Couldn't find file 'metacarpal1_rvs.vtp'.
[2023-09-14 12:56:46.776] [warning] Couldn't find file 'thumb_proximal_rvs.vtp'.
[2023-09-14 12:56:46.776] [warning] Couldn't find file 'thumb_distal_rvs.vtp'.
[2023-09-14 12:56:46.776] [warning] Couldn't find file 'humerus_lv.vtp'.
[2023-09-14 12:56:46.776] [warning] Couldn't find file 'ulna_lv.vtp'.
[2023-09-14 12:56:46.776] [warning] Couldn't find file 'radius_lv.vtp'.
[2023-09-14 12:56:46.776] [warning] Couldn't find file 'pisiform_lvs.vtp'.
[2023-09-14 12:56:46.776] [warning] Couldn't find file 'lunate_lvs.vtp'.
[2023-09-14 12:56:46.776] [warning] Couldn't find file 'scaphoid_lvs.vtp'.
[2023-09-14 12:56:46.776] [warning] Couldn't find file 'triquetrum_lvs.vtp'.
[2023-09-14 12:56:46.776] [warning] Couldn't find file 'hamate_lvs.vtp'.
[2023-09-14 12:56:46.776] [warning] Couldn't find file 'capitate_lvs.vtp'.
[2023-09-14 12:56:46.777] [warning] Couldn't find file 'trapezoid_lvs.vtp'.
[2023-09-14 12:56:46.777] [warning] Couldn't find file 'trapezium_lvs.vtp'.
[2023-09-14 12:56:46.777] [warning] Couldn't find file 'metacarpal2_lvs.vtp'.
[2023-09-14 12:56:46.777] [warning] Couldn't find file 'index_proximal_lvs.vtp'.
[2023-09-14 12:56:46.777] [warning] Couldn't find file 'index_medial_lvs.vtp'.
[2023-09-14 12:56:46.777] [warning] Couldn't find file 'index_distal_lvs.vtp'.
[2023-09-14 12:56:46.777] [warning] Couldn't find file 'metacarpal3_lvs.vtp'.
[2023-09-14 12:56:46.778] [warning] Couldn't find file 'middle_proximal_lvs.vtp'.
[2023-09-14 12:56:46.778] [warning] Couldn't find file 'middle_medial_lvs.vtp'.
[2023-09-14 12:56:46.778] [warning] Couldn't find file 'middle_distal_lvs.vtp'.
[2023-09-14 12:56:46.778] [warning] Couldn't find file 'metacarpal4_lvs.vtp'.
[2023-09-14 12:56:46.778] [warning] Couldn't find file 'ring_proximal_lvs.vtp'.
[2023-09-14 12:56:46.778] [warning] Couldn't find file 'ring_medial_lvs.vtp'.
[2023-09-14 12:56:46.778] [warning] Couldn't find file 'ring_distal_lvs.vtp'.
[2023-09-14 12:56:46.779] [warning] Couldn't find file 'metacarpal5_lvs.vtp'.
[2023-09-14 12:56:46.779] [warning] Couldn't find file 'little_proximal_lvs.vtp'.
[2023-09-14 12:56:46.779] [warning] Couldn't find file 'little_medial_lvs.vtp'.
[2023-09-14 12:56:46.779] [warning] Couldn't find file 'little_distal_lvs.vtp'.
[2023-09-14 12:56:46.779] [warning] Couldn't find file 'metacarpal1_lvs.vtp'.
[2023-09-14 12:56:46.779] [warning] Couldn't find file 'thumb_proximal_lvs.vtp'.
[2023-09-14 12:56:46.779] [warning] Couldn't find file 'thumb_distal_lvs.vtp'.
[2023-09-14 12:56:46.814] [info] ExternalLoads 'rotated_Sprint_04500001' was renamed and is being reset to 'externalloads'.
[2023-09-14 12:56:46.826] [error] IO.OpenInputFile(const string&,openmode mode): failed to open Sprint_04500001_forces_filt15Hz.mot.
[2023-09-14 12:56:46.826] [error] Failed to read ExternalLoads data file 'Sprint_04500001_forces_filt15Hz.mot'.
[2023-09-14 13:32:32.928] [info] Loaded model optimized_scale_and_markers from file final.osim
[2023-09-14 13:32:32.929] [warning] Couldn't find file 'r_pelvis_raja.vtp'.
[2023-09-14 13:32:32.929] [warning] Couldn't find file 'l_pelvis_raja.vtp'.
[2023-09-14 13:32:32.930] [warning] Couldn't find file 'sacrum.vtp'.
[2023-09-14 13:32:32.930] [warning] Couldn't find file 'r_femur.vtp'.
[2023-09-14 13:32:32.930] [warning] Couldn't find file 'r_tibia.vtp'.
[2023-09-14 13:32:32.930] [warning] Couldn't find file 'r_fibula.vtp'.
[2023-09-14 13:32:32.930] [warning] Couldn't find file 'r_patella.vtp'.
[2023-09-14 13:32:32.931] [warning] Couldn't find file 'r_talus.vtp'.
[2023-09-14 13:32:32.931] [warning] Couldn't find file 'r_foot.vtp'.
[2023-09-14 13:32:32.931] [warning] Couldn't find file 'r_bofoot.vtp'.
[2023-09-14 13:32:32.931] [warning] Couldn't find file 'l_femur.vtp'.
[2023-09-14 13:32:32.931] [warning] Couldn't find file 'l_tibia.vtp'.
[2023-09-14 13:32:32.931] [warning] Couldn't find file 'l_fibula.vtp'.
[2023-09-14 13:32:32.932] [warning] Couldn't find file 'l_pat.vtp'.
[2023-09-14 13:32:32.932] [warning] Couldn't find file 'l_talus.vtp'.
[2023-09-14 13:32:32.932] [warning] Couldn't find file 'l_foot.vtp'.
[2023-09-14 13:32:32.932] [warning] Couldn't find file 'l_bofoot.vtp'.
[2023-09-14 13:32:32.932] [warning] Couldn't find file 'hat_spine.vtp'.
[2023-09-14 13:32:32.932] [warning] Couldn't find file 'hat_jaw.vtp'.
[2023-09-14 13:32:32.932] [warning] Couldn't find file 'hat_skull.vtp'.
[2023-09-14 13:32:32.933] [warning] Couldn't find file 'hat_ribs_scap.vtp'.
[2023-09-14 13:32:32.933] [warning] Couldn't find file 'humerus_rv.vtp'.
[2023-09-14 13:32:32.933] [warning] Couldn't find file 'ulna_rv.vtp'.
[2023-09-14 13:32:32.933] [warning] Couldn't find file 'radius_rv.vtp'.
[2023-09-14 13:32:32.933] [warning] Couldn't find file 'pisiform_rvs.vtp'.
[2023-09-14 13:32:32.933] [warning] Couldn't find file 'lunate_rvs.vtp'.
[2023-09-14 13:32:32.934] [warning] Couldn't find file 'scaphoid_rvs.vtp'.
[2023-09-14 13:32:32.934] [warning] Couldn't find file 'triquetrum_rvs.vtp'.
[2023-09-14 13:32:32.934] [warning] Couldn't find file 'hamate_rvs.vtp'.
[2023-09-14 13:32:32.934] [warning] Couldn't find file 'capitate_rvs.vtp'.
[2023-09-14 13:32:32.934] [warning] Couldn't find file 'trapezoid_rvs.vtp'.
[2023-09-14 13:32:32.934] [warning] Couldn't find file 'trapezium_rvs.vtp'.
[2023-09-14 13:32:32.935] [warning] Couldn't find file 'metacarpal2_rvs.vtp'.
[2023-09-14 13:32:32.935] [warning] Couldn't find file 'index_proximal_rvs.vtp'.
[2023-09-14 13:32:32.935] [warning] Couldn't find file 'index_medial_rvs.vtp'.
[2023-09-14 13:32:32.935] [warning] Couldn't find file 'index_distal_rvs.vtp'.
[2023-09-14 13:32:32.935] [warning] Couldn't find file 'metacarpal3_rvs.vtp'.
[2023-09-14 13:32:32.935] [warning] Couldn't find file 'middle_proximal_rvs.vtp'.
[2023-09-14 13:32:32.935] [warning] Couldn't find file 'middle_medial_rvs.vtp'.
[2023-09-14 13:32:32.936] [warning] Couldn't find file 'middle_distal_rvs.vtp'.
[2023-09-14 13:32:32.936] [warning] Couldn't find file 'metacarpal4_rvs.vtp'.
[2023-09-14 13:32:32.936] [warning] Couldn't find file 'ring_proximal_rvs.vtp'.
[2023-09-14 13:32:32.936] [warning] Couldn't find file 'ring_medial_rvs.vtp'.
[2023-09-14 13:32:32.936] [warning] Couldn't find file 'ring_distal_rvs.vtp'.
[2023-09-14 13:32:32.936] [warning] Couldn't find file 'metacarpal5_rvs.vtp'.
[2023-09-14 13:32:32.937] [warning] Couldn't find file 'little_proximal_rvs.vtp'.
[2023-09-14 13:32:32.937] [warning] Couldn't find file 'little_medial_rvs.vtp'.
[2023-09-14 13:32:32.937] [warning] Couldn't find file 'little_distal_rvs.vtp'.
[2023-09-14 13:32:32.937] [warning] Couldn't find file 'metacarpal1_rvs.vtp'.
[2023-09-14 13:32:32.937] [warning] Couldn't find file 'thumb_proximal_rvs.vtp'.
[2023-09-14 13:32:32.937] [warning] Couldn't find file 'thumb_distal_rvs.vtp'.
[2023-09-14 13:32:32.937] [warning] Couldn't find file 'humerus_lv.vtp'.
[2023-09-14 13:32:32.938] [warning] Couldn't find file 'ulna_lv.vtp'.
[2023-09-14 13:32:32.938] [warning] Couldn't find file 'radius_lv.vtp'.
[2023-09-14 13:32:32.938] [warning] Couldn't find file 'pisiform_lvs.vtp'.
[2023-09-14 13:32:32.938] [warning] Couldn't find file 'lunate_lvs.vtp'.
[2023-09-14 13:32:32.938] [warning] Couldn't find file 'scaphoid_lvs.vtp'.
[2023-09-14 13:32:32.938] [warning] Couldn't find file 'triquetrum_lvs.vtp'.
[2023-09-14 13:32:32.939] [warning] Couldn't find file 'hamate_lvs.vtp'.
[2023-09-14 13:32:32.939] [warning] Couldn't find file 'capitate_lvs.vtp'.
[2023-09-14 13:32:32.939] [warning] Couldn't find file 'trapezoid_lvs.vtp'.
[2023-09-14 13:32:32.939] [warning] Couldn't find file 'trapezium_lvs.vtp'.
[2023-09-14 13:32:32.939] [warning] Couldn't find file 'metacarpal2_lvs.vtp'.
[2023-09-14 13:32:32.939] [warning] Couldn't find file 'index_proximal_lvs.vtp'.
[2023-09-14 13:32:32.939] [warning] Couldn't find file 'index_medial_lvs.vtp'.
[2023-09-14 13:32:32.940] [warning] Couldn't find file 'index_distal_lvs.vtp'.
[2023-09-14 13:32:32.940] [warning] Couldn't find file 'metacarpal3_lvs.vtp'.
[2023-09-14 13:32:32.940] [warning] Couldn't find file 'middle_proximal_lvs.vtp'.
[2023-09-14 13:32:32.940] [warning] Couldn't find file 'middle_medial_lvs.vtp'.
[2023-09-14 13:32:32.940] [warning] Couldn't find file 'middle_distal_lvs.vtp'.
[2023-09-14 13:32:32.940] [warning] Couldn't find file 'metacarpal4_lvs.vtp'.
[2023-09-14 13:32:32.941] [warning] Couldn't find file 'ring_proximal_lvs.vtp'.
[2023-09-14 13:32:32.941] [warning] Couldn't find file 'ring_medial_lvs.vtp'.
[2023-09-14 13:32:32.941] [warning] Couldn't find file 'ring_distal_lvs.vtp'.
[2023-09-14 13:32:32.941] [warning] Couldn't find file 'metacarpal5_lvs.vtp'.
[2023-09-14 13:32:32.941] [warning] Couldn't find file 'little_proximal_lvs.vtp'.
[2023-09-14 13:32:32.942] [warning] Couldn't find file 'little_medial_lvs.vtp'.
[2023-09-14 13:32:32.942] [warning] Couldn't find file 'little_distal_lvs.vtp'.
[2023-09-14 13:32:32.942] [warning] Couldn't find file 'metacarpal1_lvs.vtp'.
[2023-09-14 13:32:32.942] [warning] Couldn't find file 'thumb_proximal_lvs.vtp'.
[2023-09-14 13:32:32.942] [warning] Couldn't find file 'thumb_distal_lvs.vtp'.
[2023-09-14 13:32:33.020] [info] ExternalLoads 'rotated_Sprint_04500001' was renamed and is being reset to 'externalloads'.
[2023-09-14 13:32:33.047] [error] IO.OpenInputFile(const string&,openmode mode): failed to open Sprint_04500001_forces_filt15Hz.mot.
[2023-09-14 13:32:33.048] [error] Failed to read ExternalLoads data file 'Sprint_04500001_forces_filt15Hz.mot'.
[2023-09-14 13:32:44.491] [info] Loaded model optimized_scale_and_markers from file final.osim
[2023-09-14 13:32:44.492] [warning] Couldn't find file 'r_pelvis_raja.vtp'.
[2023-09-14 13:32:44.492] [warning] Couldn't find file 'l_pelvis_raja.vtp'.
[2023-09-14 13:32:44.492] [warning] Couldn't find file 'sacrum.vtp'.
[2023-09-14 13:32:44.492] [warning] Couldn't find file 'r_femur.vtp'.
[2023-09-14 13:32:44.493] [warning] Couldn't find file 'r_tibia.vtp'.
[2023-09-14 13:32:44.493] [warning] Couldn't find file 'r_fibula.vtp'.
[2023-09-14 13:32:44.493] [warning] Couldn't find file 'r_patella.vtp'.
[2023-09-14 13:32:44.493] [warning] Couldn't find file 'r_talus.vtp'.
[2023-09-14 13:32:44.493] [warning] Couldn't find file 'r_foot.vtp'.
[2023-09-14 13:32:44.493] [warning] Couldn't find file 'r_bofoot.vtp'.
[2023-09-14 13:32:44.494] [warning] Couldn't find file 'l_femur.vtp'.
[2023-09-14 13:32:44.494] [warning] Couldn't find file 'l_tibia.vtp'.
[2023-09-14 13:32:44.494] [warning] Couldn't find file 'l_fibula.vtp'.
[2023-09-14 13:32:44.494] [warning] Couldn't find file 'l_pat.vtp'.
[2023-09-14 13:32:44.494] [warning] Couldn't find file 'l_talus.vtp'.
[2023-09-14 13:32:44.494] [warning] Couldn't find file 'l_foot.vtp'.
[2023-09-14 13:32:44.495] [warning] Couldn't find file 'l_bofoot.vtp'.
[2023-09-14 13:32:44.495] [warning] Couldn't find file 'hat_spine.vtp'.
[2023-09-14 13:32:44.495] [warning] Couldn't find file 'hat_jaw.vtp'.
[2023-09-14 13:32:44.495] [warning] Couldn't find file 'hat_skull.vtp'.
[2023-09-14 13:32:44.495] [warning] Couldn't find file 'hat_ribs_scap.vtp'.
[2023-09-14 13:32:44.495] [warning] Couldn't find file 'humerus_rv.vtp'.
[2023-09-14 13:32:44.495] [warning] Couldn't find file 'ulna_rv.vtp'.
[2023-09-14 13:32:44.496] [warning] Couldn't find file 'radius_rv.vtp'.
[2023-09-14 13:32:44.496] [warning] Couldn't find file 'pisiform_rvs.vtp'.
[2023-09-14 13:32:44.496] [warning] Couldn't find file 'lunate_rvs.vtp'.
[2023-09-14 13:32:44.496] [warning] Couldn't find file 'scaphoid_rvs.vtp'.
[2023-09-14 13:32:44.496] [warning] Couldn't find file 'triquetrum_rvs.vtp'.
[2023-09-14 13:32:44.496] [warning] Couldn't find file 'hamate_rvs.vtp'.
[2023-09-14 13:32:44.497] [warning] Couldn't find file 'capitate_rvs.vtp'.
[2023-09-14 13:32:44.497] [warning] Couldn't find file 'trapezoid_rvs.vtp'.
[2023-09-14 13:32:44.497] [warning] Couldn't find file 'trapezium_rvs.vtp'.
[2023-09-14 13:32:44.497] [warning] Couldn't find file 'metacarpal2_rvs.vtp'.
[2023-09-14 13:32:44.497] [warning] Couldn't find file 'index_proximal_rvs.vtp'.
[2023-09-14 13:32:44.497] [warning] Couldn't find file 'index_medial_rvs.vtp'.
[2023-09-14 13:32:44.497] [warning] Couldn't find file 'index_distal_rvs.vtp'.
[2023-09-14 13:32:44.498] [warning] Couldn't find file 'metacarpal3_rvs.vtp'.
[2023-09-14 13:32:44.498] [warning] Couldn't find file 'middle_proximal_rvs.vtp'.
[2023-09-14 13:32:44.498] [warning] Couldn't find file 'middle_medial_rvs.vtp'.
[2023-09-14 13:32:44.498] [warning] Couldn't find file 'middle_distal_rvs.vtp'.
[2023-09-14 13:32:44.498] [warning] Couldn't find file 'metacarpal4_rvs.vtp'.
[2023-09-14 13:32:44.498] [warning] Couldn't find file 'ring_proximal_rvs.vtp'.
[2023-09-14 13:32:44.498] [warning] Couldn't find file 'ring_medial_rvs.vtp'.
[2023-09-14 13:32:44.499] [warning] Couldn't find file 'ring_distal_rvs.vtp'.
[2023-09-14 13:32:44.499] [warning] Couldn't find file 'metacarpal5_rvs.vtp'.
[2023-09-14 13:32:44.499] [warning] Couldn't find file 'little_proximal_rvs.vtp'.
[2023-09-14 13:32:44.499] [warning] Couldn't find file 'little_medial_rvs.vtp'.
[2023-09-14 13:32:44.499] [warning] Couldn't find file 'little_distal_rvs.vtp'.
[2023-09-14 13:32:44.499] [warning] Couldn't find file 'metacarpal1_rvs.vtp'.
[2023-09-14 13:32:44.500] [warning] Couldn't find file 'thumb_proximal_rvs.vtp'.
[2023-09-14 13:32:44.500] [warning] Couldn't find file 'thumb_distal_rvs.vtp'.
[2023-09-14 13:32:44.500] [warning] Couldn't find file 'humerus_lv.vtp'.
[2023-09-14 13:32:44.500] [warning] Couldn't find file 'ulna_lv.vtp'.
[2023-09-14 13:32:44.500] [warning] Couldn't find file 'radius_lv.vtp'.
[2023-09-14 13:32:44.500] [warning] Couldn't find file 'pisiform_lvs.vtp'.
[2023-09-14 13:32:44.500] [warning] Couldn't find file 'lunate_lvs.vtp'.
[2023-09-14 13:32:44.501] [warning] Couldn't find file 'scaphoid_lvs.vtp'.
[2023-09-14 13:32:44.501] [warning] Couldn't find file 'triquetrum_lvs.vtp'.
[2023-09-14 13:32:44.501] [warning] Couldn't find file 'hamate_lvs.vtp'.
[2023-09-14 13:32:44.501] [warning] Couldn't find file 'capitate_lvs.vtp'.
[2023-09-14 13:32:44.501] [warning] Couldn't find file 'trapezoid_lvs.vtp'.
[2023-09-14 13:32:44.501] [warning] Couldn't find file 'trapezium_lvs.vtp'.
[2023-09-14 13:32:44.502] [warning] Couldn't find file 'metacarpal2_lvs.vtp'.
[2023-09-14 13:32:44.502] [warning] Couldn't find file 'index_proximal_lvs.vtp'.
[2023-09-14 13:32:44.502] [warning] Couldn't find file 'index_medial_lvs.vtp'.
[2023-09-14 13:32:44.502] [warning] Couldn't find file 'index_distal_lvs.vtp'.
[2023-09-14 13:32:44.502] [warning] Couldn't find file 'metacarpal3_lvs.vtp'.
[2023-09-14 13:32:44.502] [warning] Couldn't find file 'middle_proximal_lvs.vtp'.
[2023-09-14 13:32:44.502] [warning] Couldn't find file 'middle_medial_lvs.vtp'.
[2023-09-14 13:32:44.503] [warning] Couldn't find file 'middle_distal_lvs.vtp'.
[2023-09-14 13:32:44.503] [warning] Couldn't find file 'metacarpal4_lvs.vtp'.
[2023-09-14 13:32:44.503] [warning] Couldn't find file 'ring_proximal_lvs.vtp'.
[2023-09-14 13:32:44.503] [warning] Couldn't find file 'ring_medial_lvs.vtp'.
[2023-09-14 13:32:44.503] [warning] Couldn't find file 'ring_distal_lvs.vtp'.
[2023-09-14 13:32:44.503] [warning] Couldn't find file 'metacarpal5_lvs.vtp'.
[2023-09-14 13:32:44.504] [warning] Couldn't find file 'little_proximal_lvs.vtp'.
[2023-09-14 13:32:44.504] [warning] Couldn't find file 'little_medial_lvs.vtp'.
[2023-09-14 13:32:44.504] [warning] Couldn't find file 'little_distal_lvs.vtp'.
[2023-09-14 13:32:44.504] [warning] Couldn't find file 'metacarpal1_lvs.vtp'.
[2023-09-14 13:32:44.504] [warning] Couldn't find file 'thumb_proximal_lvs.vtp'.
[2023-09-14 13:32:44.505] [warning] Couldn't find file 'thumb_distal_lvs.vtp'.
[2023-09-14 13:32:44.570] [info] ExternalLoads 'rotated_Sprint_04500001' was renamed and is being reset to 'externalloads'.
[2023-09-14 13:32:44.594] [error] IO.OpenInputFile(const string&,openmode mode): failed to open Sprint_04500001_forces_filt15Hz.mot.
[2023-09-14 13:32:44.594] [error] Failed to read ExternalLoads data file 'Sprint_04500001_forces_filt15Hz.mot'.
